#
# There is insufficient memory for the Java Runtime Environment to continue.
# Native memory allocation (mmap) failed to map 65536 bytes. Error detail: Failed to commit metaspace.
# Possible reasons:
#   The system is out of physical RAM or swap space
#   This process is running with CompressedOops enabled, and the Java Heap may be blocking the growth of the native heap
# Possible solutions:
#   Reduce memory load on the system
#   Increase physical memory or swap space
#   Check if swap backing store is full
#   Decrease Java heap size (-Xmx/-Xms)
#   Decrease number of Java threads
#   Decrease Java thread stack sizes (-Xss)
#   Set larger code cache with -XX:ReservedCodeCacheSize=
#   JVM is running with Unscaled Compressed Oops mode in which the Java heap is
#     placed in the first 4GB address space. The Java Heap base address is the
#     maximum limit for the native heap growth. Please use -XX:HeapBaseMinAddress
#     to set the Java Heap base and to place the Java Heap above 4GB virtual address.
# This output file may be truncated or incomplete.
#
#  Out of Memory Error (virtualSpaceNode.cpp:113), pid=9648, tid=9188
#
# JRE version: OpenJDK Runtime Environment Temurin-21.0.10+7 (21.0.10+7) (build 21.0.10+7-LTS)
# Java VM: OpenJDK 64-Bit Server VM Temurin-21.0.10+7 (21.0.10+7-LTS, mixed mode, sharing, tiered, compressed oops, compressed class ptrs, parallel gc, windows-amd64)
# No core dump will be written. Minidumps are not enabled by default on client versions of Windows
#

---------------  S U M M A R Y ------------

Command Line: --add-modules=ALL-SYSTEM --add-opens=java.base/java.util=ALL-UNNAMED --add-opens=java.base/java.lang=ALL-UNNAMED --add-opens=java.base/sun.nio.fs=ALL-UNNAMED -Declipse.application=org.eclipse.jdt.ls.core.id1 -Dosgi.bundles.defaultStartLevel=4 -Declipse.product=org.eclipse.jdt.ls.core.product -Djava.import.generatesMetadataFilesAtProjectRoot=false -DDetectVMInstallationsJob.disabled=true -Dfile.encoding=utf8 -XX:+UseParallelGC -XX:GCTimeRatio=4 -XX:AdaptiveSizePolicyWeight=90 -Dsun.zip.disableMemoryMapping=true -Xmx2G -Xms100m -Xlog:disable -javaagent:c:\Users\aleen\.vscode\extensions\redhat.java-1.54.0-win32-x64\lombok\lombok-1.18.39-4050.jar -XX:+HeapDumpOnOutOfMemoryError -XX:HeapDumpPath=c:\Users\aleen\AppData\Roaming\Code\User\workspaceStorage\aa2489a4b8c7373c72f9293381b8a14c\redhat.java -Daether.dependencyCollector.impl=bf c:\Users\aleen\.vscode\extensions\redhat.java-1.54.0-win32-x64\server\plugins\org.eclipse.equinox.launcher_1.7.100.v20251111-0406.jar -configuration c:\Users\aleen\AppData\Roaming\Code\User\globalStorage\redhat.java\1.54.0\config_win -data c:\Users\aleen\AppData\Roaming\Code\User\workspaceStorage\aa2489a4b8c7373c72f9293381b8a14c\redhat.java\jdt_ws --pipe=\\.\pipe\lsp-a87ac8089a26da3b61fc862d7bbfefc2-sock

Host: 11th Gen Intel(R) Core(TM) i5-1135G7 @ 2.40GHz, 8 cores, 7G,  Windows 11 , 64 bit Build 22621 (10.0.22621.5415)
Time: Fri Jun  5 21:58:59 2026 Pacific Daylight Time elapsed time: 9.868768 seconds (0d 0h 0m 9s)

---------------  T H R E A D  ---------------

Current thread (0x0000024b9e7dec90):  JavaThread "Worker-3: Loading available Gradle versions"        [_thread_in_vm, id=9188, stack(0x000000ab8c500000,0x000000ab8c600000) (1024K)]

Stack: [0x000000ab8c500000,0x000000ab8c600000]
Native frames: (J=compiled Java code, j=interpreted, Vv=VM code, C=native code)
V  [jvm.dll+0x6d7a39]
V  [jvm.dll+0x8b4b26]
V  [jvm.dll+0x8b70de]
V  [jvm.dll+0x8b77c3]
V  [jvm.dll+0x284346]
V  [jvm.dll+0x8b086e]
V  [jvm.dll+0x679444]
V  [jvm.dll+0x6794aa]
V  [jvm.dll+0x67bca6]
V  [jvm.dll+0x67bb72]
V  [jvm.dll+0x679e1e]
V  [jvm.dll+0x3c74d3]
V  [jvm.dll+0x2116fb]
V  [jvm.dll+0x5b6479]
V  [jvm.dll+0x22168e]
V  [jvm.dll+0x82e12d]
V  [jvm.dll+0x82f15b]
V  [jvm.dll+0x82f724]
V  [jvm.dll+0x82f3b8]
V  [jvm.dll+0x271c6d]
V  [jvm.dll+0x271eaa]
V  [jvm.dll+0x5d9627]
V  [jvm.dll+0x5dc616]
V  [jvm.dll+0x3e0ae2]
V  [jvm.dll+0x3e019a]
C  0x0000024b4aee8095

The last pc belongs to invokestatic (printed below).
Java frames: (J=compiled Java code, j=interpreted, Vv=VM code)
j  sun.net.www.protocol.http.HttpURLConnection.writeRequests()V+442 java.base@21.0.10
j  sun.net.www.protocol.http.HttpURLConnection.getInputStream0()Ljava/io/InputStream;+305 java.base@21.0.10
j  sun.net.www.protocol.http.HttpURLConnection.getInputStream()Ljava/io/InputStream;+62 java.base@21.0.10
j  sun.net.www.protocol.https.HttpsURLConnectionImpl.getInputStream()Ljava/io/InputStream;+4 java.base@21.0.10
j  org.eclipse.buildship.core.internal.util.gradle.PublishedGradleVersions.downloadVersionInformation()Ljava/lang/String;+37
j  org.eclipse.buildship.core.internal.util.gradle.PublishedGradleVersions.tryToDownloadAndCacheVersions(Ljava/io/File;Lorg/eclipse/buildship/core/internal/util/gradle/PublishedGradleVersions$LookupStrategy;)Lorg/eclipse/buildship/core/internal/util/gradle/PublishedGradleVersions;+17
j  org.eclipse.buildship.core.internal.util.gradle.PublishedGradleVersions.create(Lorg/eclipse/buildship/core/internal/util/gradle/PublishedGradleVersions$LookupStrategy;)Lorg/eclipse/buildship/core/internal/util/gradle/PublishedGradleVersions;+56
j  org.eclipse.buildship.core.internal.util.gradle.PublishedGradleVersionsWrapper$LoadVersionsJob.run(Lorg/eclipse/core/runtime/IProgressMonitor;)Lorg/eclipse/core/runtime/IStatus;+3
j  org.eclipse.core.internal.jobs.Worker.run()V+32
v  ~StubRoutines::call_stub 0x0000024b4aed10e7
invokestatic  184 invokestatic  [0x0000024b4aee7fe0, 0x0000024b4aee82a8]  712 bytes
[MachCode]
  0x0000024b4aee7fe0: 4883 ec08 | c5fa 1104 | 24eb 1f48 | 83ec 10c5 | fb11 0424 | eb14 4883 | ec10 4889 | 0424 48c7 
  0x0000024b4aee8000: 4424 0800 | 0000 00eb | 0150 4c89 | 6dc0 410f | b755 0148 | 8b4d d0c1 | e202 8b5c | d138 c1eb 
  0x0000024b4aee8020: 1081 e3ff | 0000 0081 | fbb8 0000 | 000f 84b4 | 0000 00bb | b800 0000 | e805 0000 | 00e9 9900 
  0x0000024b4aee8040: 0000 488b | d348 8d44 | 2408 4c89 | 6dc0 498b | cfc5 f877 | 4989 afb0 | 0300 0049 | 8987 a003 
  0x0000024b4aee8060: 0000 4883 | ec20 40f6 | c40f 0f84 | 1900 0000 | 4883 ec08 | 48b8 3001 | 01f1 fc7f | 0000 ffd0 
  0x0000024b4aee8080: 4883 c408 | e90c 0000 | 0048 b830 | 0101 f1fc | 7f00 00ff | d048 83c4 | 2049 c787 | a003 0000 
  0x0000024b4aee80a0: 0000 0000 | 49c7 87b0 | 0300 0000 | 0000 0049 | c787 a803 | 0000 0000 | 0000 c5f8 | 7749 837f 
  0x0000024b4aee80c0: 0800 0f84 | 0500 0000 | e933 8efe | ff4c 8b6d | c04c 8b75 | c84e 8d74 | f500 c341 | 0fb7 5501 
  0x0000024b4aee80e0: 488b 4dd0 | c1e2 0248 | 8b5c d140 | 488b 5b08 | 488b 5b08 | 488b 5b18 | 80bb 3101 | 0000 040f 
  0x0000024b4aee8100: 840d 0000 | 004c 3bbb | 3801 0000 | 0f85 21ff | ffff 488b | 5cd1 408b | 54d1 50c1 | ea1c 49ba 
  0x0000024b4aee8120: 20e4 8ff1 | fc7f 0000 | 498b 14d2 | 5248 8b45 | d848 85c0 | 0f84 1200 | 0000 4883 | 4008 0148 
  0x0000024b4aee8140: 8358 0800 | 4883 c010 | 4889 45d8 | 488b 45d8 | 4885 c00f | 843d 0100 | 0080 78f0 | 0a0f 8533 
  0x0000024b4aee8160: 0100 0048 | 83c0 084c | 8b68 f841 | 83ed 0041 | 83fd 020f | 8c12 0100 | 004c 8b6b | 0845 0fb7 
  0x0000024b4aee8180: 6d2e 4c2b | 2841 83ed | 014e 8b6c | ec08 4d85 | ed75 0ef6 | 4008 0175 | 58f0 4883 | 4808 01eb 
  0x0000024b4aee81a0: 5045 8b6d | 0849 ba00 | 0000 584b | 0200 004d | 03ea 4d8b | d54c 3368 | 0849 f7c5 | fcff ffff 
  0x0000024b4aee81c0: 742f 41f6 | c502 7529 | 4883 7808 | 0074 1e48 | 8378 0801 | 7417 4d8b | ea4c 3368 | 0849 f7c5 
  0x0000024b4aee81e0: fcff ffff | 740b 4883 | 4808 02eb | 044c 8968 | 0848 83c0 | 104c 8b68 | e841 83ed | 0241 83fd 
  0x0000024b4aee8200: 020f 8c84 | 0000 004c | 8b6b 0845 | 0fb7 6d2e | 4c2b 2841 | 83ed 014e | 8b6c ec08 | 4d85 ed75 
  0x0000024b4aee8220: 0ef6 4008 | 0175 58f0 | 4883 4808 | 01eb 5045 | 8b6d 0849 | ba00 0000 | 584b 0200 | 004d 03ea 
  0x0000024b4aee8240: 4d8b d54c | 3368 0849 | f7c5 fcff | ffff 742f | 41f6 c502 | 7529 4883 | 7808 0074 | 1e48 8378 
  0x0000024b4aee8260: 0801 7417 | 4d8b ea4c | 3368 0849 | f7c5 fcff | ffff 740b | 4883 4808 | 02eb 044c | 8968 0848 
  0x0000024b4aee8280: 83c0 104c | 8b68 d841 | 83ed 0441 | c1e5 0349 | 03c5 4889 | 45d8 4c8d | 6c24 084c | 896d f0ff 
  0x0000024b4aee82a0: 6350 660f | 1f44 0000 
[/MachCode]

---------------  P R O C E S S  ---------------

Threads class SMR info:
_java_thread_list=0x0000024ba1a6a640, length=40, elements={
0x0000024b4079c740, 0x0000024b5720de70, 0x0000024b5720f780, 0x0000024b57211a30,
0x0000024b57212950, 0x0000024b57214880, 0x0000024b57218500, 0x0000024b5721b450,
0x0000024b57247c90, 0x0000024b99d94cf0, 0x0000024b99ec7600, 0x0000024b9e651ad0,
0x0000024b9e4388a0, 0x0000024b9e447f60, 0x0000024b9e990ec0, 0x0000024b9f124cc0,
0x0000024b9f2a0ec0, 0x0000024b9f20af70, 0x0000024b9e7dd8e0, 0x0000024b9e7ddf70,
0x0000024b9fa7b280, 0x0000024b9e7e0040, 0x0000024b9e7de600, 0x0000024b9e7dec90,
0x0000024b9e7e0d60, 0x0000024b9e7df320, 0x0000024b9e7e06d0, 0x0000024b9e7df9b0,
0x0000024ba055e3f0, 0x0000024ba055c320, 0x0000024ba0558810, 0x0000024ba055bc90,
0x0000024ba055a250, 0x0000024ba0559530, 0x0000024ba0559bc0, 0x0000024ba055b600,
0x0000024ba055c9b0, 0x0000024ba055f110, 0x0000024ba055d040, 0x0000024ba055d6d0
}

Java Threads: ( => current thread )
  0x0000024b4079c740 JavaThread "main"                              [_thread_blocked, id=26340, stack(0x000000ab8a400000,0x000000ab8a500000) (1024K)]
  0x0000024b5720de70 JavaThread "Reference Handler"          daemon [_thread_blocked, id=14864, stack(0x000000ab8a800000,0x000000ab8a900000) (1024K)]
  0x0000024b5720f780 JavaThread "Finalizer"                  daemon [_thread_blocked, id=17700, stack(0x000000ab8a900000,0x000000ab8aa00000) (1024K)]
  0x0000024b57211a30 JavaThread "Signal Dispatcher"          daemon [_thread_blocked, id=25980, stack(0x000000ab8aa00000,0x000000ab8ab00000) (1024K)]
  0x0000024b57212950 JavaThread "Attach Listener"            daemon [_thread_blocked, id=6688, stack(0x000000ab8ab00000,0x000000ab8ac00000) (1024K)]
  0x0000024b57214880 JavaThread "Service Thread"             daemon [_thread_blocked, id=1692, stack(0x000000ab8ac00000,0x000000ab8ad00000) (1024K)]
  0x0000024b57218500 JavaThread "Monitor Deflation Thread"   daemon [_thread_blocked, id=15972, stack(0x000000ab8ad00000,0x000000ab8ae00000) (1024K)]
  0x0000024b5721b450 JavaThread "C2 CompilerThread0"         daemon [_thread_in_native, id=11232, stack(0x000000ab8ae00000,0x000000ab8af00000) (1024K)]
  0x0000024b57247c90 JavaThread "C1 CompilerThread0"         daemon [_thread_blocked, id=22412, stack(0x000000ab8af00000,0x000000ab8b000000) (1024K)]
  0x0000024b99d94cf0 JavaThread "Common-Cleaner"             daemon [_thread_blocked, id=18844, stack(0x000000ab8b100000,0x000000ab8b200000) (1024K)]
  0x0000024b99ec7600 JavaThread "Notification Thread"        daemon [_thread_blocked, id=14424, stack(0x000000ab8b200000,0x000000ab8b300000) (1024K)]
  0x0000024b9e651ad0 JavaThread "Active Thread: Equinox Container: 3af52082-bc93-4254-a6a1-bde3b0c7248b"        [_thread_blocked, id=12100, stack(0x000000ab8ba00000,0x000000ab8bb00000) (1024K)]
  0x0000024b9e4388a0 JavaThread "Refresh Thread: Equinox Container: 3af52082-bc93-4254-a6a1-bde3b0c7248b" daemon [_thread_blocked, id=5992, stack(0x000000ab8bc00000,0x000000ab8bd00000) (1024K)]
  0x0000024b9e447f60 JavaThread "Framework Event Dispatcher: Equinox Container: 3af52082-bc93-4254-a6a1-bde3b0c7248b" daemon [_thread_blocked, id=24476, stack(0x000000ab8bd00000,0x000000ab8be00000) (1024K)]
  0x0000024b9e990ec0 JavaThread "Start Level: Equinox Container: 3af52082-bc93-4254-a6a1-bde3b0c7248b" daemon [_thread_blocked, id=11088, stack(0x000000ab8be00000,0x000000ab8bf00000) (1024K)]
  0x0000024b9f124cc0 JavaThread "Bundle File Closer"         daemon [_thread_blocked, id=23800, stack(0x000000ab8bf00000,0x000000ab8c000000) (1024K)]
  0x0000024b9f2a0ec0 JavaThread "SCR Component Actor"        daemon [_thread_blocked, id=16956, stack(0x000000ab8b000000,0x000000ab8b100000) (1024K)]
  0x0000024b9f20af70 JavaThread "Worker-JM"                         [_thread_blocked, id=20956, stack(0x000000ab8c000000,0x000000ab8c100000) (1024K)]
  0x0000024b9e7dd8e0 JavaThread "Worker-0: Repository registry initialization"        [_thread_blocked, id=1884, stack(0x000000ab8c100000,0x000000ab8c200000) (1024K)]
  0x0000024b9e7ddf70 JavaThread "Worker-1: Updating Maven Dependencies"        [_thread_in_vm, id=7772, stack(0x000000ab8c200000,0x000000ab8c300000) (1024K)]
  0x0000024b9fa7b280 JavaThread "C2 CompilerThread1"         daemon [_thread_in_native, id=2152, stack(0x000000ab8b300000,0x000000ab8b400000) (1024K)]
  0x0000024b9e7e0040 JavaThread "Java indexing"              daemon [_thread_blocked, id=16240, stack(0x000000ab8c300000,0x000000ab8c400000) (1024K)]
  0x0000024b9e7de600 JavaThread "Worker-2: Initialize After Load"        [_thread_blocked, id=5344, stack(0x000000ab8c400000,0x000000ab8c500000) (1024K)]
=>0x0000024b9e7dec90 JavaThread "Worker-3: Loading available Gradle versions"        [_thread_in_vm, id=9188, stack(0x000000ab8c500000,0x000000ab8c600000) (1024K)]
  0x0000024b9e7e0d60 JavaThread "JNA Cleaner"                daemon [_thread_blocked, id=20048, stack(0x000000ab8c600000,0x000000ab8c700000) (1024K)]
  0x0000024b9e7df320 JavaThread "Worker-4"                          [_thread_blocked, id=11896, stack(0x000000ab8c700000,0x000000ab8c800000) (1024K)]
  0x0000024b9e7e06d0 JavaThread "Worker-5"                          [_thread_blocked, id=12712, stack(0x000000ab8c800000,0x000000ab8c900000) (1024K)]
  0x0000024b9e7df9b0 JavaThread "Thread-1"                   daemon [_thread_in_native, id=7656, stack(0x000000ab8c900000,0x000000ab8ca00000) (1024K)]
  0x0000024ba055e3f0 JavaThread "Thread-2"                   daemon [_thread_in_native, id=17184, stack(0x000000ab8ca00000,0x000000ab8cb00000) (1024K)]
  0x0000024ba055c320 JavaThread "Thread-3"                   daemon [_thread_in_native, id=5524, stack(0x000000ab8cb00000,0x000000ab8cc00000) (1024K)]
  0x0000024ba0558810 JavaThread "Thread-4"                   daemon [_thread_in_native, id=8644, stack(0x000000ab8cc00000,0x000000ab8cd00000) (1024K)]
  0x0000024ba055bc90 JavaThread "Thread-5"                   daemon [_thread_in_native, id=5224, stack(0x000000ab8cd00000,0x000000ab8ce00000) (1024K)]
  0x0000024ba055a250 JavaThread "Thread-6"                   daemon [_thread_in_native, id=26160, stack(0x000000ab8ce00000,0x000000ab8cf00000) (1024K)]
  0x0000024ba0559530 JavaThread "Thread-7"                   daemon [_thread_in_native, id=18916, stack(0x000000ab8cf00000,0x000000ab8d000000) (1024K)]
  0x0000024ba0559bc0 JavaThread "Thread-8"                   daemon [_thread_in_vm, id=26396, stack(0x000000ab8d000000,0x000000ab8d100000) (1024K)]
  0x0000024ba055b600 JavaThread "Thread-9"                   daemon [_thread_in_native, id=176, stack(0x000000ab8d100000,0x000000ab8d200000) (1024K)]
  0x0000024ba055c9b0 JavaThread "pool-2-thread-1"                   [_thread_blocked, id=15840, stack(0x000000ab8d200000,0x000000ab8d300000) (1024K)]
  0x0000024ba055f110 JavaThread "WorkspaceEventsHandler"            [_thread_blocked, id=8016, stack(0x000000ab8d300000,0x000000ab8d400000) (1024K)]
  0x0000024ba055d040 JavaThread "pool-1-thread-1"                   [_thread_blocked, id=3360, stack(0x000000ab8d400000,0x000000ab8d500000) (1024K)]
  0x0000024ba055d6d0 JavaThread "HandshakeCompletedNotify-Thread"        [_thread_in_vm, id=6036, stack(0x000000ab8d600000,0x000000ab8d700000) (1024K)]
Total: 40

Other Threads:
  0x0000024b571f2cb0 VMThread "VM Thread"                           [id=19112, stack(0x000000ab8a700000,0x000000ab8a800000) (1024K)]
  0x0000024b408090f0 WatcherThread "VM Periodic Task Thread"        [id=14924, stack(0x000000ab8a600000,0x000000ab8a700000) (1024K)]
  0x0000024b407bcb80 WorkerThread "GC Thread#0"                     [id=22680, stack(0x000000ab8a500000,0x000000ab8a600000) (1024K)]
  0x0000024b9e4c5d00 WorkerThread "GC Thread#1"                     [id=4452, stack(0x000000ab8b400000,0x000000ab8b500000) (1024K)]
  0x0000024b9e3af800 WorkerThread "GC Thread#2"                     [id=15916, stack(0x000000ab8b500000,0x000000ab8b600000) (1024K)]
  0x0000024b9e3afbb0 WorkerThread "GC Thread#3"                     [id=19736, stack(0x000000ab8b600000,0x000000ab8b700000) (1024K)]
  0x0000024b9e3aff60 WorkerThread "GC Thread#4"                     [id=21472, stack(0x000000ab8b700000,0x000000ab8b800000) (1024K)]
  0x0000024b9e2c2480 WorkerThread "GC Thread#5"                     [id=296, stack(0x000000ab8b800000,0x000000ab8b900000) (1024K)]
  0x0000024b9e2c2830 WorkerThread "GC Thread#6"                     [id=9032, stack(0x000000ab8b900000,0x000000ab8ba00000) (1024K)]
  0x0000024b9e9aaab0 WorkerThread "GC Thread#7"                     [id=25452, stack(0x000000ab8bb00000,0x000000ab8bc00000) (1024K)]
Total: 10

Threads with active compile tasks:
C2 CompilerThread0  9917 5138       4       java.lang.StringLatin1::lastIndexOf (40 bytes)
C2 CompilerThread1  9917 5059       4       sun.security.ec.ECOperations::setDouble (463 bytes)
C2 CompilerThread2  9917 5134   !   4       java.util.zip.InflaterInputStream::read (129 bytes)
Total: 3

VM state: not at safepoint (normal execution)

VM Mutex/Monitor currently owned by a thread:  ([mutex/lock_event])
[0x00007ffcf18ec4e0] Metaspace_lock - owner thread: 0x0000024b9e7dec90

Heap address: 0x0000000080000000, size: 2048 MB, Compressed Oops mode: 32-bit

CDS archive(s) mapped at: [0x0000024b58000000-0x0000024b58ba0000-0x0000024b58ba0000), size 12189696, SharedBaseAddress: 0x0000024b58000000, ArchiveRelocationMode: 1.
Compressed class space mapped at: 0x0000024b59000000-0x0000024b99000000, reserved size: 1073741824
Narrow klass base: 0x0000024b58000000, Narrow klass shift: 0, Narrow klass range: 0x100000000

GC Precious Log:
 CardTable entry size: 512
 CPUs: 8 total, 8 available
 Memory: 8017M
 Large Page Support: Disabled
 NUMA Support: Disabled
 Compressed Oops: Enabled (32-bit)
 Alignments: Space 512K, Generation 512K, Heap 2M
 Heap Min Capacity: 100M
 Heap Initial Capacity: 100M
 Heap Max Capacity: 2G
 Pre-touch: Disabled
 Parallel Workers: 8

Heap:
 PSYoungGen      total 23040K, used 3792K [0x00000000d5580000, 0x00000000d7000000, 0x0000000100000000)
  eden space 22016K, 13% used [0x00000000d5580000,0x00000000d584c300,0x00000000d6b00000)
  from space 1024K, 90% used [0x00000000d6e80000,0x00000000d6f68000,0x00000000d6f80000)
  to   space 512K, 0% used [0x00000000d6f80000,0x00000000d6f80000,0x00000000d7000000)
 ParOldGen       total 68608K, used 22113K [0x0000000080000000, 0x0000000084300000, 0x00000000d5580000)
  object space 68608K, 32% used [0x0000000080000000,0x00000000815987a8,0x0000000084300000)
 Metaspace       used 42777K, committed 43840K, reserved 1114112K
  class space    used 4646K, committed 5120K, reserved 1048576K

Card table byte_map: [0x0000024b40140000,0x0000024b40550000] _byte_map_base: 0x0000024b3fd40000

Marking Bits: (ParMarkBitMap*) 0x00007ffcf18f3450
 Begin Bits: [0x0000024b52c50000, 0x0000024b54c50000)
 End Bits:   [0x0000024b54c50000, 0x0000024b56c50000)

Polling page: 0x0000024b3e670000

Metaspace:

Usage:
  Non-class:     37.24 MB used.
      Class:      4.54 MB used.
       Both:     41.78 MB used.

Virtual space:
  Non-class space:       64.00 MB reserved,      37.81 MB ( 59%) committed,  1 nodes.
      Class space:        1.00 GB reserved,       5.00 MB ( <1%) committed,  1 nodes.
             Both:        1.06 GB reserved,      42.81 MB (  4%) committed. 

Chunk freelists:
   Non-Class:  9.66 MB
       Class:  10.98 MB
        Both:  20.64 MB

MaxMetaspaceSize: unlimited
CompressedClassSpaceSize: 1.00 GB
Initial GC threshold: 21.00 MB
Current GC threshold: 58.38 MB
CDS: on
 - commit_granule_bytes: 65536.
 - commit_granule_words: 8192.
 - virtual_space_node_default_size: 8388608.
 - enlarge_chunks_in_place: 1.
 - use_allocation_guard: 0.


Internal statistics:

num_allocs_failed_limit: 6.
num_arena_births: 738.
num_arena_deaths: 14.
num_vsnodes_births: 2.
num_vsnodes_deaths: 0.
num_space_committed: 685.
num_space_uncommitted: 0.
num_chunks_returned_to_freelist: 20.
num_chunks_taken_from_freelist: 2390.
num_chunk_merges: 11.
num_chunk_splits: 1505.
num_chunks_enlarged: 907.
num_inconsistent_stats: 0.

CodeHeap 'non-profiled nmethods': size=120000Kb used=2150Kb max_used=2150Kb free=117849Kb
 bounds [0x0000024b4b470000, 0x0000024b4b6e0000, 0x0000024b529a0000]
CodeHeap 'profiled nmethods': size=120000Kb used=9443Kb max_used=9497Kb free=110556Kb
 bounds [0x0000024b439a0000, 0x0000024b442f0000, 0x0000024b4aed0000]
CodeHeap 'non-nmethods': size=5760Kb used=1401Kb max_used=1452Kb free=4358Kb
 bounds [0x0000024b4aed0000, 0x0000024b4b140000, 0x0000024b4b470000]
CodeCache: size=245760Kb, used=12994Kb, max_used=13099Kb, free=232763Kb
 total_blobs=5278, nmethods=4583, adapters=600, full_count=0
Compilation: enabled, stopped_count=0, restarted_count=0

Compilation events (20 events):
Event: 9.826 Thread 0x0000024b57247c90 5156       3       sun.security.util.math.intpoly.IntegerPolynomial25519::carryReduce (391 bytes)
Event: 9.826 Thread 0x0000024b57247c90 nmethod 5156 0x0000024b43aa9d10 code [0x0000024b43aa9ec0, 0x0000024b43aaa320]
Event: 9.826 Thread 0x0000024b57247c90 5158       3       sun.security.util.math.intpoly.IntegerPolynomial::multByInt (30 bytes)
Event: 9.827 Thread 0x0000024b57247c90 nmethod 5158 0x0000024b43aa9790 code [0x0000024b43aa9940, 0x0000024b43aa9bd0]
Event: 9.827 Thread 0x0000024b57247c90 5157       3       sun.security.util.math.intpoly.IntegerPolynomial$MutableElement::setProduct (58 bytes)
Event: 9.827 Thread 0x0000024b57247c90 nmethod 5157 0x0000024b43aa9010 code [0x0000024b43aa91e0, 0x0000024b43aa95e8]
Event: 9.828 Thread 0x0000024b57247c90 5161       3       java.util.HashMap::prepareArray (38 bytes)
Event: 9.833 Thread 0x0000024b57247c90 nmethod 5161 0x0000024b43aa8690 code [0x0000024b43aa8880, 0x0000024b43aa8e30]
Event: 9.833 Thread 0x0000024b57247c90 5162       3       java.lang.Boolean::parseBoolean (7 bytes)
Event: 9.833 Thread 0x0000024b57247c90 nmethod 5162 0x0000024b43aa8310 code [0x0000024b43aa84c0, 0x0000024b43aa85f0]
Event: 9.837 Thread 0x0000024b57247c90 5164       3       java.lang.invoke.AbstractValidatingLambdaMetafactory::validateMetafactoryArgs (607 bytes)
Event: 9.844 Thread 0x0000024b57247c90 nmethod 5164 0x0000024b43d0a210 code [0x0000024b43d0ac60, 0x0000024b43d11be8]
Event: 9.844 Thread 0x0000024b57247c90 5166       3       sun.reflect.annotation.AnnotationInvocationHandler::invoke (182 bytes)
Event: 9.845 Thread 0x0000024b57247c90 nmethod 5166 0x0000024b43a68490 code [0x0000024b43a687e0, 0x0000024b43a69938]
Event: 9.845 Thread 0x0000024b57247c90 5165   !   3       java.lang.invoke.InnerClassLambdaMetafactory::buildCallSite (150 bytes)
Event: 9.847 Thread 0x0000024b57247c90 nmethod 5165 0x0000024b43a66210 code [0x0000024b43a665a0, 0x0000024b43a67960]
Event: 9.848 Thread 0x0000024b57247c90 5167       3       java.util.regex.Pattern::expr (142 bytes)
Event: 9.849 Thread 0x0000024b57247c90 nmethod 5167 0x0000024b43a65290 code [0x0000024b43a654e0, 0x0000024b43a65e68]
Event: 9.850 Thread 0x0000024b57247c90 5168       3       com.google.common.collect.LexicographicalOrdering::compare (85 bytes)
Event: 9.850 Thread 0x0000024b57247c90 nmethod 5168 0x0000024b43a64490 code [0x0000024b43a64700, 0x0000024b43a65038]

GC Heap History (20 events):
Event: 7.431 GC heap before
{Heap before GC invocations=10 (full 1):
 PSYoungGen      total 28672K, used 24064K [0x00000000d5580000, 0x00000000d7900000, 0x0000000100000000)
  eden space 24064K, 100% used [0x00000000d5580000,0x00000000d6d00000,0x00000000d6d00000)
  from space 4608K, 0% used [0x00000000d7480000,0x00000000d7480000,0x00000000d7900000)
  to   space 5632K, 0% used [0x00000000d6e00000,0x00000000d6e00000,0x00000000d7380000)
 ParOldGen       total 68608K, used 13824K [0x0000000080000000, 0x0000000084300000, 0x00000000d5580000)
  object space 68608K, 20% used [0x0000000080000000,0x0000000080d80060,0x0000000084300000)
 Metaspace       used 24489K, committed 25344K, reserved 1114112K
  class space    used 2430K, committed 2816K, reserved 1048576K
}
Event: 7.435 GC heap after
{Heap after GC invocations=10 (full 1):
 PSYoungGen      total 24576K, used 533K [0x00000000d5580000, 0x00000000d7500000, 0x0000000100000000)
  eden space 23552K, 0% used [0x00000000d5580000,0x00000000d5580000,0x00000000d6c80000)
  from space 1024K, 52% used [0x00000000d6e00000,0x00000000d6e85460,0x00000000d6f00000)
  to   space 2048K, 0% used [0x00000000d7300000,0x00000000d7300000,0x00000000d7500000)
 ParOldGen       total 68608K, used 13832K [0x0000000080000000, 0x0000000084300000, 0x00000000d5580000)
  object space 68608K, 20% used [0x0000000080000000,0x0000000080d82060,0x0000000084300000)
 Metaspace       used 24489K, committed 25344K, reserved 1114112K
  class space    used 2430K, committed 2816K, reserved 1048576K
}
Event: 7.733 GC heap before
{Heap before GC invocations=11 (full 1):
 PSYoungGen      total 24576K, used 24085K [0x00000000d5580000, 0x00000000d7500000, 0x0000000100000000)
  eden space 23552K, 100% used [0x00000000d5580000,0x00000000d6c80000,0x00000000d6c80000)
  from space 1024K, 52% used [0x00000000d6e00000,0x00000000d6e85460,0x00000000d6f00000)
  to   space 2048K, 0% used [0x00000000d7300000,0x00000000d7300000,0x00000000d7500000)
 ParOldGen       total 68608K, used 13832K [0x0000000080000000, 0x0000000084300000, 0x00000000d5580000)
  object space 68608K, 20% used [0x0000000080000000,0x0000000080d82060,0x0000000084300000)
 Metaspace       used 25816K, committed 26624K, reserved 1114112K
  class space    used 2524K, committed 2880K, reserved 1048576K
}
Event: 7.736 GC heap after
{Heap after GC invocations=11 (full 1):
 PSYoungGen      total 25088K, used 1885K [0x00000000d5580000, 0x00000000d7500000, 0x0000000100000000)
  eden space 23040K, 0% used [0x00000000d5580000,0x00000000d5580000,0x00000000d6c00000)
  from space 2048K, 92% used [0x00000000d7300000,0x00000000d74d7540,0x00000000d7500000)
  to   space 2560K, 0% used [0x00000000d7000000,0x00000000d7000000,0x00000000d7280000)
 ParOldGen       total 68608K, used 14621K [0x0000000080000000, 0x0000000084300000, 0x00000000d5580000)
  object space 68608K, 21% used [0x0000000080000000,0x0000000080e47570,0x0000000084300000)
 Metaspace       used 25816K, committed 26624K, reserved 1114112K
  class space    used 2524K, committed 2880K, reserved 1048576K
}
Event: 8.371 GC heap before
{Heap before GC invocations=12 (full 1):
 PSYoungGen      total 25088K, used 24925K [0x00000000d5580000, 0x00000000d7500000, 0x0000000100000000)
  eden space 23040K, 100% used [0x00000000d5580000,0x00000000d6c00000,0x00000000d6c00000)
  from space 2048K, 92% used [0x00000000d7300000,0x00000000d74d7540,0x00000000d7500000)
  to   space 2560K, 0% used [0x00000000d7000000,0x00000000d7000000,0x00000000d7280000)
 ParOldGen       total 68608K, used 14621K [0x0000000080000000, 0x0000000084300000, 0x00000000d5580000)
  object space 68608K, 21% used [0x0000000080000000,0x0000000080e47570,0x0000000084300000)
 Metaspace       used 29694K, committed 30592K, reserved 1114112K
  class space    used 2969K, committed 3392K, reserved 1048576K
}
Event: 8.374 GC heap after
{Heap after GC invocations=12 (full 1):
 PSYoungGen      total 24064K, used 1261K [0x00000000d5580000, 0x00000000d7380000, 0x0000000100000000)
  eden space 22528K, 0% used [0x00000000d5580000,0x00000000d5580000,0x00000000d6b80000)
  from space 1536K, 82% used [0x00000000d7000000,0x00000000d713b460,0x00000000d7180000)
  to   space 1536K, 0% used [0x00000000d7200000,0x00000000d7200000,0x00000000d7380000)
 ParOldGen       total 68608K, used 16351K [0x0000000080000000, 0x0000000084300000, 0x00000000d5580000)
  object space 68608K, 23% used [0x0000000080000000,0x0000000080ff7ff8,0x0000000084300000)
 Metaspace       used 29694K, committed 30592K, reserved 1114112K
  class space    used 2969K, committed 3392K, reserved 1048576K
}
Event: 8.667 GC heap before
{Heap before GC invocations=13 (full 1):
 PSYoungGen      total 24064K, used 23789K [0x00000000d5580000, 0x00000000d7380000, 0x0000000100000000)
  eden space 22528K, 100% used [0x00000000d5580000,0x00000000d6b80000,0x00000000d6b80000)
  from space 1536K, 82% used [0x00000000d7000000,0x00000000d713b460,0x00000000d7180000)
  to   space 1536K, 0% used [0x00000000d7200000,0x00000000d7200000,0x00000000d7380000)
 ParOldGen       total 68608K, used 16361K [0x0000000080000000, 0x0000000084300000, 0x00000000d5580000)
  object space 68608K, 23% used [0x0000000080000000,0x0000000080ffa640,0x0000000084300000)
 Metaspace       used 32850K, committed 33856K, reserved 1114112K
  class space    used 3374K, committed 3840K, reserved 1048576K
}
Event: 8.671 GC heap after
{Heap after GC invocations=13 (full 1):
 PSYoungGen      total 24064K, used 1525K [0x00000000d5580000, 0x00000000d7380000, 0x0000000100000000)
  eden space 22528K, 0% used [0x00000000d5580000,0x00000000d5580000,0x00000000d6b80000)
  from space 1536K, 99% used [0x00000000d7200000,0x00000000d737d5c8,0x00000000d7380000)
  to   space 3072K, 0% used [0x00000000d6d80000,0x00000000d6d80000,0x00000000d7080000)
 ParOldGen       total 68608K, used 17513K [0x0000000080000000, 0x0000000084300000, 0x00000000d5580000)
  object space 68608K, 25% used [0x0000000080000000,0x000000008111a6c8,0x0000000084300000)
 Metaspace       used 32850K, committed 33856K, reserved 1114112K
  class space    used 3374K, committed 3840K, reserved 1048576K
}
Event: 8.890 GC heap before
{Heap before GC invocations=14 (full 1):
 PSYoungGen      total 24064K, used 24053K [0x00000000d5580000, 0x00000000d7380000, 0x0000000100000000)
  eden space 22528K, 100% used [0x00000000d5580000,0x00000000d6b80000,0x00000000d6b80000)
  from space 1536K, 99% used [0x00000000d7200000,0x00000000d737d5c8,0x00000000d7380000)
  to   space 3072K, 0% used [0x00000000d6d80000,0x00000000d6d80000,0x00000000d7080000)
 ParOldGen       total 68608K, used 17519K [0x0000000080000000, 0x0000000084300000, 0x00000000d5580000)
  object space 68608K, 25% used [0x0000000080000000,0x000000008111bd80,0x0000000084300000)
 Metaspace       used 34760K, committed 35840K, reserved 1114112K
  class space    used 3620K, committed 4096K, reserved 1048576K
}
Event: 8.894 GC heap after
{Heap after GC invocations=14 (full 1):
 PSYoungGen      total 25088K, used 3032K [0x00000000d5580000, 0x00000000d7280000, 0x0000000100000000)
  eden space 22016K, 0% used [0x00000000d5580000,0x00000000d5580000,0x00000000d6b00000)
  from space 3072K, 98% used [0x00000000d6d80000,0x00000000d7076348,0x00000000d7080000)
  to   space 2048K, 0% used [0x00000000d7080000,0x00000000d7080000,0x00000000d7280000)
 ParOldGen       total 68608K, used 19151K [0x0000000080000000, 0x0000000084300000, 0x00000000d5580000)
  object space 68608K, 27% used [0x0000000080000000,0x00000000812b3c20,0x0000000084300000)
 Metaspace       used 34760K, committed 35840K, reserved 1114112K
  class space    used 3620K, committed 4096K, reserved 1048576K
}
Event: 8.904 GC heap before
{Heap before GC invocations=15 (full 1):
 PSYoungGen      total 25088K, used 4541K [0x00000000d5580000, 0x00000000d7280000, 0x0000000100000000)
  eden space 22016K, 6% used [0x00000000d5580000,0x00000000d56f9290,0x00000000d6b00000)
  from space 3072K, 98% used [0x00000000d6d80000,0x00000000d7076348,0x00000000d7080000)
  to   space 2048K, 0% used [0x00000000d7080000,0x00000000d7080000,0x00000000d7280000)
 ParOldGen       total 68608K, used 19151K [0x0000000080000000, 0x0000000084300000, 0x00000000d5580000)
  object space 68608K, 27% used [0x0000000080000000,0x00000000812b3c20,0x0000000084300000)
 Metaspace       used 34831K, committed 35840K, reserved 1114112K
  class space    used 3631K, committed 4096K, reserved 1048576K
}
Event: 8.907 GC heap after
{Heap after GC invocations=15 (full 1):
 PSYoungGen      total 22528K, used 288K [0x00000000d5580000, 0x00000000d7100000, 0x0000000100000000)
  eden space 22016K, 0% used [0x00000000d5580000,0x00000000d5580000,0x00000000d6b00000)
  from space 512K, 56% used [0x00000000d7080000,0x00000000d70c8000,0x00000000d7100000)
  to   space 1536K, 0% used [0x00000000d6e00000,0x00000000d6e00000,0x00000000d6f80000)
 ParOldGen       total 68608K, used 23319K [0x0000000080000000, 0x0000000084300000, 0x00000000d5580000)
  object space 68608K, 33% used [0x0000000080000000,0x00000000816c5dc0,0x0000000084300000)
 Metaspace       used 34831K, committed 35840K, reserved 1114112K
  class space    used 3631K, committed 4096K, reserved 1048576K
}
Event: 8.907 GC heap before
{Heap before GC invocations=16 (full 2):
 PSYoungGen      total 22528K, used 288K [0x00000000d5580000, 0x00000000d7100000, 0x0000000100000000)
  eden space 22016K, 0% used [0x00000000d5580000,0x00000000d5580000,0x00000000d6b00000)
  from space 512K, 56% used [0x00000000d7080000,0x00000000d70c8000,0x00000000d7100000)
  to   space 1536K, 0% used [0x00000000d6e00000,0x00000000d6e00000,0x00000000d6f80000)
 ParOldGen       total 68608K, used 23319K [0x0000000080000000, 0x0000000084300000, 0x00000000d5580000)
  object space 68608K, 33% used [0x0000000080000000,0x00000000816c5dc0,0x0000000084300000)
 Metaspace       used 34831K, committed 35840K, reserved 1114112K
  class space    used 3631K, committed 4096K, reserved 1048576K
}
Event: 8.955 GC heap after
{Heap after GC invocations=16 (full 2):
 PSYoungGen      total 22528K, used 0K [0x00000000d5580000, 0x00000000d7100000, 0x0000000100000000)
  eden space 22016K, 0% used [0x00000000d5580000,0x00000000d5580000,0x00000000d6b00000)
  from space 512K, 0% used [0x00000000d7080000,0x00000000d7080000,0x00000000d7100000)
  to   space 1536K, 0% used [0x00000000d6e00000,0x00000000d6e00000,0x00000000d6f80000)
 ParOldGen       total 68608K, used 20606K [0x0000000080000000, 0x0000000084300000, 0x00000000d5580000)
  object space 68608K, 30% used [0x0000000080000000,0x000000008141f8e8,0x0000000084300000)
 Metaspace       used 34831K, committed 35840K, reserved 1114112K
  class space    used 3631K, committed 4096K, reserved 1048576K
}
Event: 9.222 GC heap before
{Heap before GC invocations=17 (full 2):
 PSYoungGen      total 22528K, used 22016K [0x00000000d5580000, 0x00000000d7100000, 0x0000000100000000)
  eden space 22016K, 100% used [0x00000000d5580000,0x00000000d6b00000,0x00000000d6b00000)
  from space 512K, 0% used [0x00000000d7080000,0x00000000d7080000,0x00000000d7100000)
  to   space 1536K, 0% used [0x00000000d6e00000,0x00000000d6e00000,0x00000000d6f80000)
 ParOldGen       total 68608K, used 20606K [0x0000000080000000, 0x0000000084300000, 0x00000000d5580000)
  object space 68608K, 30% used [0x0000000080000000,0x000000008141f8e8,0x0000000084300000)
 Metaspace       used 37596K, committed 38656K, reserved 1114112K
  class space    used 3965K, committed 4416K, reserved 1048576K
}
Event: 9.227 GC heap after
{Heap after GC invocations=17 (full 2):
 PSYoungGen      total 23552K, used 1095K [0x00000000d5580000, 0x00000000d7100000, 0x0000000100000000)
  eden space 22016K, 0% used [0x00000000d5580000,0x00000000d5580000,0x00000000d6b00000)
  from space 1536K, 71% used [0x00000000d6e00000,0x00000000d6f11ea0,0x00000000d6f80000)
  to   space 1536K, 0% used [0x00000000d6f80000,0x00000000d6f80000,0x00000000d7100000)
 ParOldGen       total 68608K, used 20614K [0x0000000080000000, 0x0000000084300000, 0x00000000d5580000)
  object space 68608K, 30% used [0x0000000080000000,0x00000000814218e8,0x0000000084300000)
 Metaspace       used 37596K, committed 38656K, reserved 1114112K
  class space    used 3965K, committed 4416K, reserved 1048576K
}
Event: 9.497 GC heap before
{Heap before GC invocations=18 (full 2):
 PSYoungGen      total 23552K, used 23111K [0x00000000d5580000, 0x00000000d7100000, 0x0000000100000000)
  eden space 22016K, 100% used [0x00000000d5580000,0x00000000d6b00000,0x00000000d6b00000)
  from space 1536K, 71% used [0x00000000d6e00000,0x00000000d6f11ea0,0x00000000d6f80000)
  to   space 1536K, 0% used [0x00000000d6f80000,0x00000000d6f80000,0x00000000d7100000)
 ParOldGen       total 68608K, used 20614K [0x0000000080000000, 0x0000000084300000, 0x00000000d5580000)
  object space 68608K, 30% used [0x0000000080000000,0x00000000814218e8,0x0000000084300000)
 Metaspace       used 40034K, committed 41088K, reserved 1114112K
  class space    used 4299K, committed 4800K, reserved 1048576K
}
Event: 9.499 GC heap after
{Heap after GC invocations=18 (full 2):
 PSYoungGen      total 23040K, used 794K [0x00000000d5580000, 0x00000000d7080000, 0x0000000100000000)
  eden space 22016K, 0% used [0x00000000d5580000,0x00000000d5580000,0x00000000d6b00000)
  from space 1024K, 77% used [0x00000000d6f80000,0x00000000d7046b38,0x00000000d7080000)
  to   space 1024K, 0% used [0x00000000d6e80000,0x00000000d6e80000,0x00000000d6f80000)
 ParOldGen       total 68608K, used 21506K [0x0000000080000000, 0x0000000084300000, 0x00000000d5580000)
  object space 68608K, 31% used [0x0000000080000000,0x00000000815008f8,0x0000000084300000)
 Metaspace       used 40034K, committed 41088K, reserved 1114112K
  class space    used 4299K, committed 4800K, reserved 1048576K
}
Event: 9.829 GC heap before
{Heap before GC invocations=19 (full 2):
 PSYoungGen      total 23040K, used 22810K [0x00000000d5580000, 0x00000000d7080000, 0x0000000100000000)
  eden space 22016K, 100% used [0x00000000d5580000,0x00000000d6b00000,0x00000000d6b00000)
  from space 1024K, 77% used [0x00000000d6f80000,0x00000000d7046b38,0x00000000d7080000)
  to   space 1024K, 0% used [0x00000000d6e80000,0x00000000d6e80000,0x00000000d6f80000)
 ParOldGen       total 68608K, used 21506K [0x0000000080000000, 0x0000000084300000, 0x00000000d5580000)
  object space 68608K, 31% used [0x0000000080000000,0x00000000815008f8,0x0000000084300000)
 Metaspace       used 42354K, committed 43456K, reserved 1114112K
  class space    used 4590K, committed 5056K, reserved 1048576K
}
Event: 9.832 GC heap after
{Heap after GC invocations=19 (full 2):
 PSYoungGen      total 23040K, used 928K [0x00000000d5580000, 0x00000000d7000000, 0x0000000100000000)
  eden space 22016K, 0% used [0x00000000d5580000,0x00000000d5580000,0x00000000d6b00000)
  from space 1024K, 90% used [0x00000000d6e80000,0x00000000d6f68000,0x00000000d6f80000)
  to   space 512K, 0% used [0x00000000d6f80000,0x00000000d6f80000,0x00000000d7000000)
 ParOldGen       total 68608K, used 22113K [0x0000000080000000, 0x0000000084300000, 0x00000000d5580000)
  object space 68608K, 32% used [0x0000000080000000,0x00000000815987a8,0x0000000084300000)
 Metaspace       used 42354K, committed 43456K, reserved 1114112K
  class space    used 4590K, committed 5056K, reserved 1048576K
}

Dll operation events (14 events):
Event: 0.053 Loaded shared library c:\Users\aleen\.vscode\extensions\redhat.java-1.54.0-win32-x64\jre\21.0.10-win32-x86_64\bin\java.dll
Event: 0.234 Loaded shared library c:\Users\aleen\.vscode\extensions\redhat.java-1.54.0-win32-x64\jre\21.0.10-win32-x86_64\bin\zip.dll
Event: 0.320 Loaded shared library C:\Users\aleen\.vscode\extensions\redhat.java-1.54.0-win32-x64\jre\21.0.10-win32-x86_64\bin\instrument.dll
Event: 0.330 Loaded shared library C:\Users\aleen\.vscode\extensions\redhat.java-1.54.0-win32-x64\jre\21.0.10-win32-x86_64\bin\net.dll
Event: 0.334 Loaded shared library C:\Users\aleen\.vscode\extensions\redhat.java-1.54.0-win32-x64\jre\21.0.10-win32-x86_64\bin\nio.dll
Event: 0.340 Loaded shared library C:\Users\aleen\.vscode\extensions\redhat.java-1.54.0-win32-x64\jre\21.0.10-win32-x86_64\bin\zip.dll
Event: 0.385 Loaded shared library C:\Users\aleen\.vscode\extensions\redhat.java-1.54.0-win32-x64\jre\21.0.10-win32-x86_64\bin\jimage.dll
Event: 0.568 Loaded shared library c:\Users\aleen\.vscode\extensions\redhat.java-1.54.0-win32-x64\jre\21.0.10-win32-x86_64\bin\verify.dll
Event: 2.851 Loaded shared library C:\Users\aleen\AppData\Roaming\Code\User\globalStorage\redhat.java\1.54.0\config_win\org.eclipse.equinox.launcher\org.eclipse.equinox.launcher.win32.win32.x86_64_1.3.0.v20260203-2149\eclipse_11919.dll
Event: 6.188 Loaded shared library C:\Users\aleen\.vscode\extensions\redhat.java-1.54.0-win32-x64\jre\21.0.10-win32-x86_64\bin\management.dll
Event: 6.192 Loaded shared library C:\Users\aleen\.vscode\extensions\redhat.java-1.54.0-win32-x64\jre\21.0.10-win32-x86_64\bin\management_ext.dll
Event: 8.369 Loaded shared library C:\Users\aleen\AppData\Local\Temp\jna-92899267\jna17668334704197959796.dll
Event: 9.198 Loaded shared library C:\Users\aleen\.vscode\extensions\redhat.java-1.54.0-win32-x64\jre\21.0.10-win32-x86_64\bin\sunmscapi.dll
Event: 9.317 Loaded shared library C:\Users\aleen\.vscode\extensions\redhat.java-1.54.0-win32-x64\jre\21.0.10-win32-x86_64\bin\extnet.dll

Deoptimization events (20 events):
Event: 9.826 Thread 0x0000024b9e7dec90 Uncommon trap: trap_request=0xffffffc6 fr.pc=0x0000024b4b5380d4 relative=0x0000000000000354
Event: 9.826 Thread 0x0000024b9e7dec90 Uncommon trap: reason=bimorphic_or_optimized_type_check action=maybe_recompile pc=0x0000024b4b5380d4 method=sun.security.util.math.intpoly.IntegerPolynomial.multByInt([JJ)V @ 26 c2
Event: 9.826 Thread 0x0000024b9e7dec90 DEOPT PACKING pc=0x0000024b4b5380d4 sp=0x000000ab8c5fe490
Event: 9.826 Thread 0x0000024b9e7dec90 DEOPT UNPACKING pc=0x0000024b4af26da2 sp=0x000000ab8c5fe3f0 mode 2
Event: 9.826 Thread 0x0000024b9e7dec90 Uncommon trap: trap_request=0xffffffc6 fr.pc=0x0000024b4b5380d4 relative=0x0000000000000354
Event: 9.826 Thread 0x0000024b9e7dec90 Uncommon trap: reason=bimorphic_or_optimized_type_check action=maybe_recompile pc=0x0000024b4b5380d4 method=sun.security.util.math.intpoly.IntegerPolynomial.multByInt([JJ)V @ 26 c2
Event: 9.826 Thread 0x0000024b9e7dec90 DEOPT PACKING pc=0x0000024b4b5380d4 sp=0x000000ab8c5fe490
Event: 9.826 Thread 0x0000024b9e7dec90 DEOPT UNPACKING pc=0x0000024b4af26da2 sp=0x000000ab8c5fe3f0 mode 2
Event: 9.826 Thread 0x0000024b9e7dec90 Uncommon trap: trap_request=0xffffffc6 fr.pc=0x0000024b4b5380d4 relative=0x0000000000000354
Event: 9.826 Thread 0x0000024b9e7dec90 Uncommon trap: reason=bimorphic_or_optimized_type_check action=maybe_recompile pc=0x0000024b4b5380d4 method=sun.security.util.math.intpoly.IntegerPolynomial.multByInt([JJ)V @ 26 c2
Event: 9.826 Thread 0x0000024b9e7dec90 DEOPT PACKING pc=0x0000024b4b5380d4 sp=0x000000ab8c5fe490
Event: 9.826 Thread 0x0000024b9e7dec90 DEOPT UNPACKING pc=0x0000024b4af26da2 sp=0x000000ab8c5fe3f0 mode 2
Event: 9.826 Thread 0x0000024b9e7dec90 Uncommon trap: trap_request=0xffffffc6 fr.pc=0x0000024b4b5378e8 relative=0x00000000000002a8
Event: 9.826 Thread 0x0000024b9e7dec90 Uncommon trap: reason=bimorphic_or_optimized_type_check action=maybe_recompile pc=0x0000024b4b5378e8 method=sun.security.util.math.intpoly.IntegerPolynomial.multByInt([JJ)V @ 26 c2
Event: 9.826 Thread 0x0000024b9e7dec90 DEOPT PACKING pc=0x0000024b4b5378e8 sp=0x000000ab8c5fe400
Event: 9.826 Thread 0x0000024b9e7dec90 DEOPT UNPACKING pc=0x0000024b4af26da2 sp=0x000000ab8c5fe3f0 mode 2
Event: 9.826 Thread 0x0000024b9e7dec90 Uncommon trap: trap_request=0xffffffc6 fr.pc=0x0000024b4b5a1ba8 relative=0x0000000000000348
Event: 9.826 Thread 0x0000024b9e7dec90 Uncommon trap: reason=bimorphic_or_optimized_type_check action=maybe_recompile pc=0x0000024b4b5a1ba8 method=sun.security.util.math.intpoly.IntegerPolynomial.multByInt([JJ)V @ 26 c2
Event: 9.826 Thread 0x0000024b9e7dec90 DEOPT PACKING pc=0x0000024b4b5a1ba8 sp=0x000000ab8c5fe3f0
Event: 9.826 Thread 0x0000024b9e7dec90 DEOPT UNPACKING pc=0x0000024b4af26da2 sp=0x000000ab8c5fe3f0 mode 2

Classes loaded (20 events):
Event: 9.859 Loading class sun/security/ssl/NewSessionTicket$NewSessionTicketMessage done
Event: 9.859 Loading class sun/security/ssl/NewSessionTicket$T12NewSessionTicketMessage done
Event: 9.860 Loading class sun/security/ssl/SSLCipher$T12GcmReadCipherGenerator$GcmReadCipher
Event: 9.860 Loading class sun/security/ssl/SSLCipher$T12GcmReadCipherGenerator$GcmReadCipher done
Event: 9.860 Loading class com/sun/crypto/provider/GaloisCounterMode$GCMDecrypt
Event: 9.861 Loading class com/sun/crypto/provider/GaloisCounterMode$GCMDecrypt done
Event: 9.861 Loading class com/sun/crypto/provider/GaloisCounterMode$DecryptOp
Event: 9.861 Loading class com/sun/crypto/provider/GaloisCounterMode$DecryptOp done
Event: 9.862 Loading class jdk/internal/event/TLSHandshakeEvent
Event: 9.863 Loading class jdk/internal/event/TLSHandshakeEvent done
Event: 9.863 Loading class javax/net/ssl/HandshakeCompletedEvent
Event: 9.863 Loading class javax/net/ssl/HandshakeCompletedEvent done
Event: 9.863 Loading class sun/security/ssl/TransportContext$NotifyHandshake
Event: 9.864 Loading class sun/security/ssl/TransportContext$NotifyHandshake done
Event: 9.864 Loading class javax/net/ssl/SSLEngineResult$HandshakeStatus
Event: 9.864 Loading class javax/net/ssl/SSLEngineResult$HandshakeStatus done
Event: 9.865 Loading class sun/net/www/protocol/http/AuthenticationInfo
Event: 9.866 Loading class sun/net/www/protocol/http/AuthCacheValue
Event: 9.866 Loading class sun/net/www/protocol/http/AuthCacheValue done
Event: 9.866 Loading class sun/security/ssl/TransportContext$NotifyHandshake$1

Classes unloaded (7 events):
Event: 7.111 Thread 0x0000024b571f2cb0 Unloading class 0x0000024b591a5000 'java/lang/invoke/LambdaForm$MH+0x0000024b591a5000'
Event: 7.111 Thread 0x0000024b571f2cb0 Unloading class 0x0000024b591a4c00 'java/lang/invoke/LambdaForm$MH+0x0000024b591a4c00'
Event: 7.111 Thread 0x0000024b571f2cb0 Unloading class 0x0000024b591a4800 'java/lang/invoke/LambdaForm$MH+0x0000024b591a4800'
Event: 7.111 Thread 0x0000024b571f2cb0 Unloading class 0x0000024b591a4400 'java/lang/invoke/LambdaForm$MH+0x0000024b591a4400'
Event: 7.111 Thread 0x0000024b571f2cb0 Unloading class 0x0000024b591a4000 'java/lang/invoke/LambdaForm$BMH+0x0000024b591a4000'
Event: 7.111 Thread 0x0000024b571f2cb0 Unloading class 0x0000024b591a3c00 'java/lang/invoke/LambdaForm$DMH+0x0000024b591a3c00'
Event: 7.111 Thread 0x0000024b571f2cb0 Unloading class 0x0000024b591a2800 'java/lang/invoke/LambdaForm$DMH+0x0000024b591a2800'

Classes redefined (0 events):
No events

Internal exceptions (20 events):
Event: 8.049 Thread 0x0000024b9e7ddf70 Exception <a 'java/lang/NoSuchMethodError'{0x00000000d6253578}: 'java.lang.Object java.lang.invoke.DirectMethodHandle$Holder.invokeSpecialIFC(java.lang.Object, java.lang.Object, java.lang.Object, java.lang.Object)'> (0x00000000d6253578) 
thrown [s\src\hotspot\share\interpreter\linkResolver.cpp, line 773]
Event: 8.067 Thread 0x0000024b9e990ec0 Exception <a 'java/io/FileNotFoundException'{0x00000000d62deff0}> (0x00000000d62deff0) 
thrown [s\src\hotspot\share\prims\jni.cpp, line 520]
Event: 8.454 Thread 0x0000024b9e990ec0 Exception <a 'java/lang/UnsatisfiedLinkError'{0x00000000d58ec9a0}: The specified procedure could not be found.
> (0x00000000d58ec9a0) 
thrown [s\src\hotspot\share\prims\jni.cpp, line 539]
Event: 8.464 Thread 0x0000024b9e990ec0 Exception <a 'java/io/FileNotFoundException'{0x00000000d5969368}> (0x00000000d5969368) 
thrown [s\src\hotspot\share\prims\jni.cpp, line 520]
Event: 8.480 Thread 0x0000024b9e990ec0 Exception <a 'java/io/FileNotFoundException'{0x00000000d5a75860}> (0x00000000d5a75860) 
thrown [s\src\hotspot\share\prims\jni.cpp, line 520]
Event: 8.495 Thread 0x0000024b9e990ec0 Exception <a 'java/lang/NoSuchMethodError'{0x00000000d5b9fc50}: 'void java.lang.invoke.DirectMethodHandle$Holder.invokeSpecial(java.lang.Object, java.lang.Object, java.lang.Object, int)'> (0x00000000d5b9fc50) 
thrown [s\src\hotspot\share\interpreter\linkResolver.cpp, line 773]
Event: 8.496 Thread 0x0000024b9e990ec0 Exception <a 'java/lang/NoSuchMethodError'{0x00000000d5ba3320}: 'void java.lang.invoke.DelegatingMethodHandle$Holder.reinvoke_L(java.lang.Object, java.lang.Object, int)'> (0x00000000d5ba3320) 
thrown [s\src\hotspot\share\interpreter\linkResolver.cpp, line 773]
Event: 8.497 Thread 0x0000024b9e990ec0 Exception <a 'java/lang/NoSuchMethodError'{0x00000000d5ba9cb8}: 'int java.lang.invoke.Invokers$Holder.invokeExact_MT(java.lang.Object, java.lang.Object, java.lang.Object)'> (0x00000000d5ba9cb8) 
thrown [s\src\hotspot\share\interpreter\linkResolver.cpp, line 773]
Event: 8.499 Thread 0x0000024b9e990ec0 Exception <a 'java/lang/UnsatisfiedLinkError'{0x00000000d5bb8380}: The specified procedure could not be found.
> (0x00000000d5bb8380) 
thrown [s\src\hotspot\share\prims\jni.cpp, line 539]
Event: 8.507 Thread 0x0000024b9e990ec0 Exception <a 'java/lang/NoSuchMethodError'{0x00000000d5c6be38}: 'void java.lang.invoke.Invokers$Holder.invokeExact_MT(java.lang.Object, java.lang.Object, int, java.lang.Object)'> (0x00000000d5c6be38) 
thrown [s\src\hotspot\share\interpreter\linkResolver.cpp, line 773]
Event: 8.620 Thread 0x0000024b4079c740 Exception <a 'java/io/FileNotFoundException'{0x00000000d6699780}> (0x00000000d6699780) 
thrown [s\src\hotspot\share\prims\jni.cpp, line 520]
Event: 8.643 Thread 0x0000024b9e7dec90 Exception <a 'sun/nio/fs/WindowsException'{0x00000000d6856fc8}> (0x00000000d6856fc8) 
thrown [s\src\hotspot\share\prims\jni.cpp, line 520]
Event: 8.677 Thread 0x0000024b4079c740 Exception <a 'java/lang/NoSuchMethodError'{0x00000000d56142d0}: 'java.lang.Object java.lang.invoke.DirectMethodHandle$Holder.invokeStatic(java.lang.Object, long, java.lang.Object)'> (0x00000000d56142d0) 
thrown [s\src\hotspot\share\interpreter\linkResolver.cpp, line 773]
Event: 8.678 Thread 0x0000024b4079c740 Exception <a 'java/lang/NoSuchMethodError'{0x00000000d5617938}: 'java.lang.Object java.lang.invoke.DirectMethodHandle$Holder.invokeStaticInit(java.lang.Object, long, java.lang.Object)'> (0x00000000d5617938) 
thrown [s\src\hotspot\share\interpreter\linkResolver.cpp, line 773]
Event: 8.679 Thread 0x0000024b4079c740 Exception <a 'java/lang/NoSuchMethodError'{0x00000000d5648618}: 'java.lang.Object java.lang.invoke.DirectMethodHandle$Holder.newInvokeSpecial(java.lang.Object, long)'> (0x00000000d5648618) 
thrown [s\src\hotspot\share\interpreter\linkResolver.cpp, line 773]
Event: 8.744 Thread 0x0000024b9e7ddf70 Exception <a 'java/lang/NoClassDefFoundError'{0x00000000d5b31f68}: javax/enterprise/inject/Typed> (0x00000000d5b31f68) 
thrown [s\src\hotspot\share\classfile\systemDictionary.cpp, line 301]
Event: 9.132 Thread 0x0000024b4079c740 Exception <a 'java/lang/NoSuchMethodError'{0x00000000d6542b20}: 'void java.lang.invoke.DirectMethodHandle$Holder.invokeSpecial(java.lang.Object, java.lang.Object, java.lang.Object, java.lang.Object, java.lang.Object, java.lang.Object)'> (0x00000000d6542b20) 
thrown [s\src\hotspot\share\interpreter\linkResolver.cpp, line 773]
Event: 9.134 Thread 0x0000024b4079c740 Exception <a 'java/lang/IncompatibleClassChangeError'{0x00000000d654ac60}: Found class java.lang.Object, but interface was expected> (0x00000000d654ac60) 
thrown [s\src\hotspot\share\interpreter\linkResolver.cpp, line 840]
Event: 9.135 Thread 0x0000024b4079c740 Exception <a 'java/lang/IncompatibleClassChangeError'{0x00000000d654c9a8}: Found class java.lang.Object, but interface was expected> (0x00000000d654c9a8) 
thrown [s\src\hotspot\share\interpreter\linkResolver.cpp, line 840]
Event: 9.719 Thread 0x0000024b9e7dec90 Implicit null exception at 0x0000024b4b5ae1ec to 0x0000024b4b5ae2a8

ZGC Phase Switch (0 events):
No events

VM Operations (20 events):
Event: 8.904 Executing safepoint VM operation: CollectForMetadataAllocation (Metadata GC Threshold)
Event: 8.955 Executing safepoint VM operation: CollectForMetadataAllocation (Metadata GC Threshold) done
Event: 9.066 Executing non-safepoint VM operation: HandshakeAllThreads (Deoptimize)
Event: 9.066 Executing non-safepoint VM operation: HandshakeAllThreads (Deoptimize) done
Event: 9.222 Executing safepoint VM operation: ParallelGCFailedAllocation (Allocation Failure)
Event: 9.227 Executing safepoint VM operation: ParallelGCFailedAllocation (Allocation Failure) done
Event: 9.231 Executing non-safepoint VM operation: HandshakeAllThreads (Deoptimize)
Event: 9.232 Executing non-safepoint VM operation: HandshakeAllThreads (Deoptimize) done
Event: 9.279 Executing non-safepoint VM operation: HandshakeAllThreads (Deoptimize)
Event: 9.280 Executing non-safepoint VM operation: HandshakeAllThreads (Deoptimize) done
Event: 9.391 Executing non-safepoint VM operation: HandshakeAllThreads (Deoptimize)
Event: 9.391 Executing non-safepoint VM operation: HandshakeAllThreads (Deoptimize) done
Event: 9.497 Executing safepoint VM operation: ParallelGCFailedAllocation (Allocation Failure)
Event: 9.499 Executing safepoint VM operation: ParallelGCFailedAllocation (Allocation Failure) done
Event: 9.612 Executing non-safepoint VM operation: HandshakeAllThreads (Deoptimize)
Event: 9.613 Executing non-safepoint VM operation: HandshakeAllThreads (Deoptimize) done
Event: 9.721 Executing non-safepoint VM operation: HandshakeAllThreads (Deoptimize)
Event: 9.721 Executing non-safepoint VM operation: HandshakeAllThreads (Deoptimize) done
Event: 9.828 Executing safepoint VM operation: ParallelGCFailedAllocation (Allocation Failure)
Event: 9.832 Executing safepoint VM operation: ParallelGCFailedAllocation (Allocation Failure) done

Memory protections (0 events):
No events

Nmethod flushes (20 events):
Event: 8.932 Thread 0x0000024b571f2cb0 flushing  nmethod 0x0000024b43fa6e10
Event: 8.932 Thread 0x0000024b571f2cb0 flushing  nmethod 0x0000024b43fa7590
Event: 8.932 Thread 0x0000024b571f2cb0 flushing  nmethod 0x0000024b43fa7f10
Event: 8.932 Thread 0x0000024b571f2cb0 flushing  nmethod 0x0000024b43fa8410
Event: 8.932 Thread 0x0000024b571f2cb0 flushing  nmethod 0x0000024b43fa8810
Event: 8.932 Thread 0x0000024b571f2cb0 flushing  nmethod 0x0000024b43faa210
Event: 8.932 Thread 0x0000024b571f2cb0 flushing  nmethod 0x0000024b43faaf10
Event: 8.932 Thread 0x0000024b571f2cb0 flushing  nmethod 0x0000024b43fac190
Event: 8.932 Thread 0x0000024b571f2cb0 flushing  nmethod 0x0000024b43fb5190
Event: 8.932 Thread 0x0000024b571f2cb0 flushing  nmethod 0x0000024b43fb6110
Event: 8.932 Thread 0x0000024b571f2cb0 flushing  nmethod 0x0000024b43fb6410
Event: 8.932 Thread 0x0000024b571f2cb0 flushing  nmethod 0x0000024b43fb6910
Event: 8.932 Thread 0x0000024b571f2cb0 flushing  nmethod 0x0000024b43fcea10
Event: 8.932 Thread 0x0000024b571f2cb0 flushing  nmethod 0x0000024b43fe8590
Event: 8.932 Thread 0x0000024b571f2cb0 flushing  nmethod 0x0000024b43fea110
Event: 8.932 Thread 0x0000024b571f2cb0 flushing  nmethod 0x0000024b43ff1f90
Event: 8.932 Thread 0x0000024b571f2cb0 flushing  nmethod 0x0000024b4403a590
Event: 8.932 Thread 0x0000024b571f2cb0 flushing  nmethod 0x0000024b44050690
Event: 8.932 Thread 0x0000024b571f2cb0 flushing  nmethod 0x0000024b44067c90
Event: 8.932 Thread 0x0000024b571f2cb0 flushing  nmethod 0x0000024b440d4d10

Events (20 events):
Event: 7.437 Thread 0x0000024b57247c90 Thread added: 0x0000024b9fa7b280
Event: 7.650 Thread 0x0000024b9e990ec0 Thread added: 0x0000024b9e7e0040
Event: 7.934 Thread 0x0000024b9e7ddf70 Thread added: 0x0000024b9e7de600
Event: 8.159 Thread 0x0000024b9e7de600 Thread added: 0x0000024b9e7dec90
Event: 8.436 Thread 0x0000024b9e990ec0 Thread added: 0x0000024b9e7e0d60
Event: 8.543 Thread 0x0000024b9e7dec90 Thread added: 0x0000024b9e7df320
Event: 8.654 Thread 0x0000024b9e7df320 Thread added: 0x0000024b9e7e06d0
Event: 8.693 Thread 0x0000024b4079c740 Thread added: 0x0000024b9e7df9b0
Event: 8.694 Thread 0x0000024b4079c740 Thread added: 0x0000024ba055e3f0
Event: 8.694 Thread 0x0000024b4079c740 Thread added: 0x0000024ba055c320
Event: 8.695 Thread 0x0000024b4079c740 Thread added: 0x0000024ba0558810
Event: 8.695 Thread 0x0000024b4079c740 Thread added: 0x0000024ba055bc90
Event: 8.695 Thread 0x0000024b4079c740 Thread added: 0x0000024ba055a250
Event: 8.695 Thread 0x0000024b4079c740 Thread added: 0x0000024ba0559530
Event: 8.695 Thread 0x0000024b4079c740 Thread added: 0x0000024ba0559bc0
Event: 8.695 Thread 0x0000024b4079c740 Thread added: 0x0000024ba055b600
Event: 8.734 Thread 0x0000024b4079c740 Thread added: 0x0000024ba055c9b0
Event: 9.179 Thread 0x0000024b4079c740 Thread added: 0x0000024ba055f110
Event: 9.179 Thread 0x0000024b4079c740 Thread added: 0x0000024ba055d040
Event: 9.864 Thread 0x0000024b9e7dec90 Thread added: 0x0000024ba055d6d0


Dynamic libraries:
0x00007ff6154a0000 - 0x00007ff6154ae000 	c:\Users\aleen\.vscode\extensions\redhat.java-1.54.0-win32-x64\jre\21.0.10-win32-x86_64\bin\java.exe
0x00007ffd5f590000 - 0x00007ffd5f7a8000 	C:\WINDOWS\SYSTEM32\ntdll.dll
0x00007ffd5d740000 - 0x00007ffd5d804000 	C:\WINDOWS\System32\KERNEL32.DLL
0x00007ffd5c960000 - 0x00007ffd5cd33000 	C:\WINDOWS\System32\KERNELBASE.dll
0x00007ffd5ce60000 - 0x00007ffd5cf71000 	C:\WINDOWS\System32\ucrtbase.dll
0x00007ffd477b0000 - 0x00007ffd477c8000 	c:\Users\aleen\.vscode\extensions\redhat.java-1.54.0-win32-x64\jre\21.0.10-win32-x86_64\bin\jli.dll
0x00007ffd5d8c0000 - 0x00007ffd5da72000 	C:\WINDOWS\System32\USER32.dll
0x00007ffd5c7f0000 - 0x00007ffd5c816000 	C:\WINDOWS\System32\win32u.dll
0x00007ffd5e480000 - 0x00007ffd5e4a9000 	C:\WINDOWS\System32\GDI32.dll
0x00007ffd5cd40000 - 0x00007ffd5ce5b000 	C:\WINDOWS\System32\gdi32full.dll
0x00007ffd5c750000 - 0x00007ffd5c7ea000 	C:\WINDOWS\System32\msvcp_win.dll
0x00007ffd47aa0000 - 0x00007ffd47abe000 	c:\Users\aleen\.vscode\extensions\redhat.java-1.54.0-win32-x64\jre\21.0.10-win32-x86_64\bin\VCRUNTIME140.dll
0x00007ffd48110000 - 0x00007ffd483ac000 	C:\WINDOWS\WinSxS\amd64_microsoft.windows.common-controls_6595b64144ccf1df_6.0.22621.6060_none_2712eda17382d24b\COMCTL32.dll
0x00007ffd5d810000 - 0x00007ffd5d8b7000 	C:\WINDOWS\System32\msvcrt.dll
0x00007ffd5d700000 - 0x00007ffd5d731000 	C:\WINDOWS\System32\IMM32.DLL
0x00007ffd54660000 - 0x00007ffd5466c000 	c:\Users\aleen\.vscode\extensions\redhat.java-1.54.0-win32-x64\jre\21.0.10-win32-x86_64\bin\vcruntime140_1.dll
0x00007ffd459f0000 - 0x00007ffd45a7d000 	c:\Users\aleen\.vscode\extensions\redhat.java-1.54.0-win32-x64\jre\21.0.10-win32-x86_64\bin\msvcp140.dll
0x00007ffcf0c30000 - 0x00007ffcf19d1000 	c:\Users\aleen\.vscode\extensions\redhat.java-1.54.0-win32-x64\jre\21.0.10-win32-x86_64\bin\server\jvm.dll
0x00007ffd5df00000 - 0x00007ffd5dfb1000 	C:\WINDOWS\System32\ADVAPI32.dll
0x00007ffd5f4a0000 - 0x00007ffd5f548000 	C:\WINDOWS\System32\sechost.dll
0x00007ffd5c720000 - 0x00007ffd5c748000 	C:\WINDOWS\System32\bcrypt.dll
0x00007ffd5d230000 - 0x00007ffd5d348000 	C:\WINDOWS\System32\RPCRT4.dll
0x00007ffd5e4b0000 - 0x00007ffd5e521000 	C:\WINDOWS\System32\WS2_32.dll
0x00007ffd5b4b0000 - 0x00007ffd5b4fd000 	C:\WINDOWS\SYSTEM32\POWRPROF.dll
0x00007ffd569b0000 - 0x00007ffd569e4000 	C:\WINDOWS\SYSTEM32\WINMM.dll
0x00007ffd56650000 - 0x00007ffd5665a000 	C:\WINDOWS\SYSTEM32\VERSION.dll
0x00007ffd5b490000 - 0x00007ffd5b4a3000 	C:\WINDOWS\SYSTEM32\UMPDC.dll
0x00007ffd5b730000 - 0x00007ffd5b748000 	C:\WINDOWS\SYSTEM32\kernel.appcore.dll
0x00007ffd545f0000 - 0x00007ffd545fa000 	c:\Users\aleen\.vscode\extensions\redhat.java-1.54.0-win32-x64\jre\21.0.10-win32-x86_64\bin\jimage.dll
0x00007ffd5a0c0000 - 0x00007ffd5a2f3000 	C:\WINDOWS\SYSTEM32\DBGHELP.DLL
0x00007ffd5e530000 - 0x00007ffd5e8c1000 	C:\WINDOWS\System32\combase.dll
0x00007ffd5e8e0000 - 0x00007ffd5e9b8000 	C:\WINDOWS\System32\OLEAUT32.dll
0x00007ffd480d0000 - 0x00007ffd48102000 	C:\WINDOWS\SYSTEM32\dbgcore.DLL
0x00007ffd5c820000 - 0x00007ffd5c89b000 	C:\WINDOWS\System32\bcryptPrimitives.dll
0x00007ffd545a0000 - 0x00007ffd545af000 	c:\Users\aleen\.vscode\extensions\redhat.java-1.54.0-win32-x64\jre\21.0.10-win32-x86_64\bin\instrument.dll
0x00007ffd47730000 - 0x00007ffd47750000 	c:\Users\aleen\.vscode\extensions\redhat.java-1.54.0-win32-x64\jre\21.0.10-win32-x86_64\bin\java.dll
0x00007ffd5ec00000 - 0x00007ffd5f49c000 	C:\WINDOWS\System32\SHELL32.dll
0x00007ffd5d0f0000 - 0x00007ffd5d22f000 	C:\WINDOWS\System32\wintypes.dll
0x00007ffd5a560000 - 0x00007ffd5ae7a000 	C:\WINDOWS\SYSTEM32\windows.storage.dll
0x00007ffd5e250000 - 0x00007ffd5e354000 	C:\WINDOWS\System32\SHCORE.dll
0x00007ffd5e9c0000 - 0x00007ffd5ea29000 	C:\WINDOWS\System32\shlwapi.dll
0x00007ffd5c5d0000 - 0x00007ffd5c5f5000 	C:\WINDOWS\SYSTEM32\profapi.dll
0x00007ffd470e0000 - 0x00007ffd470f8000 	c:\Users\aleen\.vscode\extensions\redhat.java-1.54.0-win32-x64\jre\21.0.10-win32-x86_64\bin\zip.dll
0x00007ffd54140000 - 0x00007ffd54150000 	C:\Users\aleen\.vscode\extensions\redhat.java-1.54.0-win32-x64\jre\21.0.10-win32-x86_64\bin\net.dll
0x00007ffd574e0000 - 0x00007ffd5760c000 	C:\WINDOWS\SYSTEM32\WINHTTP.dll
0x00007ffd5bc00000 - 0x00007ffd5bc69000 	C:\WINDOWS\system32\mswsock.dll
0x00007ffd46d80000 - 0x00007ffd46d96000 	C:\Users\aleen\.vscode\extensions\redhat.java-1.54.0-win32-x64\jre\21.0.10-win32-x86_64\bin\nio.dll
0x00007ffd53e30000 - 0x00007ffd53e40000 	c:\Users\aleen\.vscode\extensions\redhat.java-1.54.0-win32-x64\jre\21.0.10-win32-x86_64\bin\verify.dll
0x00007ffd33e50000 - 0x00007ffd33e95000 	C:\Users\aleen\AppData\Roaming\Code\User\globalStorage\redhat.java\1.54.0\config_win\org.eclipse.equinox.launcher\org.eclipse.equinox.launcher.win32.win32.x86_64_1.3.0.v20260203-2149\eclipse_11919.dll
0x00007ffd5d4d0000 - 0x00007ffd5d671000 	C:\WINDOWS\System32\ole32.dll
0x00007ffd53a40000 - 0x00007ffd53a4a000 	C:\Users\aleen\.vscode\extensions\redhat.java-1.54.0-win32-x64\jre\21.0.10-win32-x86_64\bin\management.dll
0x00007ffd47fb0000 - 0x00007ffd47fbc000 	C:\Users\aleen\.vscode\extensions\redhat.java-1.54.0-win32-x64\jre\21.0.10-win32-x86_64\bin\management_ext.dll
0x00007ffd5d350000 - 0x00007ffd5d358000 	C:\WINDOWS\System32\PSAPI.DLL
0x00007ffd5be20000 - 0x00007ffd5be3b000 	C:\WINDOWS\SYSTEM32\CRYPTSP.dll
0x00007ffd5b690000 - 0x00007ffd5b6c7000 	C:\WINDOWS\system32\rsaenh.dll
0x00007ffd5bcc0000 - 0x00007ffd5bce8000 	C:\WINDOWS\SYSTEM32\USERENV.dll
0x00007ffd5be40000 - 0x00007ffd5be4c000 	C:\WINDOWS\SYSTEM32\CRYPTBASE.dll
0x00007ffd5b0d0000 - 0x00007ffd5b0fd000 	C:\WINDOWS\SYSTEM32\IPHLPAPI.DLL
0x00007ffd5e240000 - 0x00007ffd5e249000 	C:\WINDOWS\System32\NSI.dll
0x00007ffd46710000 - 0x00007ffd46759000 	C:\Users\aleen\AppData\Local\Temp\jna-92899267\jna17668334704197959796.dll
0x00007ffd56630000 - 0x00007ffd56649000 	C:\WINDOWS\SYSTEM32\dhcpcsvc6.DLL
0x00007ffd562a0000 - 0x00007ffd562bf000 	C:\WINDOWS\SYSTEM32\dhcpcsvc.DLL
0x00007ffd54850000 - 0x00007ffd5485e000 	C:\Users\aleen\.vscode\extensions\redhat.java-1.54.0-win32-x64\jre\21.0.10-win32-x86_64\bin\sunmscapi.dll
0x00007ffd5cf80000 - 0x00007ffd5d0e8000 	C:\WINDOWS\System32\CRYPT32.dll
0x00007ffd5c060000 - 0x00007ffd5c08e000 	C:\WINDOWS\SYSTEM32\ncrypt.dll
0x00007ffd5c020000 - 0x00007ffd5c057000 	C:\WINDOWS\SYSTEM32\NTASN1.dll
0x00007ffd5b100000 - 0x00007ffd5b1f8000 	C:\WINDOWS\SYSTEM32\DNSAPI.dll
0x00007ffd52980000 - 0x00007ffd5298a000 	C:\Windows\System32\rasadhlp.dll
0x00007ffd53bc0000 - 0x00007ffd53c44000 	C:\WINDOWS\System32\fwpuclnt.dll
0x00007ffd47df0000 - 0x00007ffd47df9000 	C:\Users\aleen\.vscode\extensions\redhat.java-1.54.0-win32-x64\jre\21.0.10-win32-x86_64\bin\extnet.dll

JVMTI agents:
c:\Users\aleen\.vscode\extensions\redhat.java-1.54.0-win32-x64\lombok\lombok-1.18.39-4050.jar path:c:\Users\aleen\.vscode\extensions\redhat.java-1.54.0-win32-x64\jre\21.0.10-win32-x86_64\bin\instrument.dll, loaded, initialized, instrumentlib options:none

dbghelp: loaded successfully - version: 4.0.5 - missing functions: none
symbol engine: initialized successfully - sym options: 0x614 - pdb path: .;c:\Users\aleen\.vscode\extensions\redhat.java-1.54.0-win32-x64\jre\21.0.10-win32-x86_64\bin;C:\WINDOWS\SYSTEM32;C:\WINDOWS\WinSxS\amd64_microsoft.windows.common-controls_6595b64144ccf1df_6.0.22621.6060_none_2712eda17382d24b;c:\Users\aleen\.vscode\extensions\redhat.java-1.54.0-win32-x64\jre\21.0.10-win32-x86_64\bin\server;C:\Users\aleen\AppData\Roaming\Code\User\globalStorage\redhat.java\1.54.0\config_win\org.eclipse.equinox.launcher\org.eclipse.equinox.launcher.win32.win32.x86_64_1.3.0.v20260203-2149;C:\Users\aleen\AppData\Local\Temp\jna-92899267

VM Arguments:
jvm_args: --add-modules=ALL-SYSTEM --add-opens=java.base/java.util=ALL-UNNAMED --add-opens=java.base/java.lang=ALL-UNNAMED --add-opens=java.base/sun.nio.fs=ALL-UNNAMED -Declipse.application=org.eclipse.jdt.ls.core.id1 -Dosgi.bundles.defaultStartLevel=4 -Declipse.product=org.eclipse.jdt.ls.core.product -Djava.import.generatesMetadataFilesAtProjectRoot=false -DDetectVMInstallationsJob.disabled=true -Dfile.encoding=utf8 -XX:+UseParallelGC -XX:GCTimeRatio=4 -XX:AdaptiveSizePolicyWeight=90 -Dsun.zip.disableMemoryMapping=true -Xmx2G -Xms100m -Xlog:disable -javaagent:c:\Users\aleen\.vscode\extensions\redhat.java-1.54.0-win32-x64\lombok\lombok-1.18.39-4050.jar -XX:+HeapDumpOnOutOfMemoryError -XX:HeapDumpPath=c:\Users\aleen\AppData\Roaming\Code\User\workspaceStorage\aa2489a4b8c7373c72f9293381b8a14c\redhat.java -Daether.dependencyCollector.impl=bf 
java_command: c:\Users\aleen\.vscode\extensions\redhat.java-1.54.0-win32-x64\server\plugins\org.eclipse.equinox.launcher_1.7.100.v20251111-0406.jar -configuration c:\Users\aleen\AppData\Roaming\Code\User\globalStorage\redhat.java\1.54.0\config_win -data c:\Users\aleen\AppData\Roaming\Code\User\workspaceStorage\aa2489a4b8c7373c72f9293381b8a14c\redhat.java\jdt_ws --pipe=\\.\pipe\lsp-a87ac8089a26da3b61fc862d7bbfefc2-sock
java_class_path (initial): c:\Users\aleen\.vscode\extensions\redhat.java-1.54.0-win32-x64\server\plugins\org.eclipse.equinox.launcher_1.7.100.v20251111-0406.jar
Launcher Type: SUN_STANDARD

[Global flags]
    uintx AdaptiveSizePolicyWeight                 = 90                                        {product} {command line}
     intx CICompilerCount                          = 4                                         {product} {ergonomic}
    uintx GCTimeRatio                              = 4                                         {product} {command line}
     bool HeapDumpOnOutOfMemoryError               = true                                   {manageable} {command line}
    ccstr HeapDumpPath                             = c:\Users\aleen\AppData\Roaming\Code\User\workspaceStorage\aa2489a4b8c7373c72f9293381b8a14c\redhat.java         {manageable} {command line}
   size_t InitialHeapSize                          = 104857600                                 {product} {command line}
   size_t MaxHeapSize                              = 2147483648                                {product} {command line}
   size_t MaxNewSize                               = 715653120                                 {product} {ergonomic}
   size_t MinHeapDeltaBytes                        = 524288                                    {product} {ergonomic}
   size_t MinHeapSize                              = 104857600                                 {product} {command line}
   size_t NewSize                                  = 34603008                                  {product} {ergonomic}
    uintx NonNMethodCodeHeapSize                   = 5839372                                {pd product} {ergonomic}
    uintx NonProfiledCodeHeapSize                  = 122909434                              {pd product} {ergonomic}
   size_t OldSize                                  = 70254592                                  {product} {ergonomic}
    uintx ProfiledCodeHeapSize                     = 122909434                              {pd product} {ergonomic}
    uintx ReservedCodeCacheSize                    = 251658240                              {pd product} {ergonomic}
     bool SegmentedCodeCache                       = true                                      {product} {ergonomic}
   size_t SoftMaxHeapSize                          = 2147483648                             {manageable} {ergonomic}
     bool UseCompressedOops                        = true                           {product lp64_product} {ergonomic}
     bool UseLargePagesIndividualAllocation        = false                                  {pd product} {ergonomic}
     bool UseParallelGC                            = true                                      {product} {command line}

Logging:
Log output configuration:
 #0: stdout all=off uptime,level,tags foldmultilines=false
 #1: stderr all=off uptime,level,tags foldmultilines=false

Release file:
JAVA_VERSION="21.0.10" 
MODULES="java.base java.compiler java.datatransfer java.xml java.prefs java.desktop java.instrument java.logging java.management java.security.sasl java.naming java.rmi java.management.rmi java.net.http java.scripting java.security.jgss java.transaction.xa java.sql java.sql.rowset java.xml.crypto java.se java.smartcardio jdk.accessibility jdk.internal.jvmstat jdk.attach jdk.charsets jdk.internal.opt jdk.zipfs jdk.compiler jdk.crypto.ec jdk.crypto.cryptoki jdk.crypto.mscapi jdk.dynalink jdk.internal.ed jdk.editpad jdk.hotspot.agent jdk.httpserver jdk.internal.le jdk.internal.vm.ci jdk.internal.vm.compiler jdk.internal.vm.compiler.management jdk.jartool jdk.javadoc jdk.jcmd jdk.management jdk.management.agent jdk.jconsole jdk.jdeps jdk.jdwp.agent jdk.jdi jdk.jfr jdk.jshell jdk.jsobject jdk.jstatd jdk.localedata jdk.management.jfr jdk.naming.dns jdk.naming.rmi jdk.net jdk.nio.mapmode jdk.random jdk.sctp jdk.security.auth jdk.security.jgss jdk.unsupported jdk.unsupported.desktop jdk.xml.dom" 

Environment Variables:
PATH=C:\Program Files\Microsoft\jdk-17.0.19.10-hotspot\bin;C:\Program Files\Common Files\Oracle\Java\javapath;C:\WINDOWS\system32;C:\WINDOWS;C:\WINDOWS\System32\Wbem;C:\WINDOWS\System32\WindowsPowerShell\v1.0\;C:\WINDOWS\System32\OpenSSH\;C:\Program Files\MATLAB\R2025a\bin;C:\Program Files\Git\cmd;C:\Users\aleen\AppData\Local\Programs\Python\Launcher\;C:\Users\aleen\AppData\Local\Microsoft\WindowsApps;C:\Users\aleen\AppData\Local\Programs\Microsoft VS Code\bin;C:\msys64\ucrt64\bin;C:\Users\aleen\AppData\Local\GitHubDesktop\bin
USERNAME=aleen
OS=Windows_NT
PROCESSOR_IDENTIFIER=Intel64 Family 6 Model 140 Stepping 1, GenuineIntel
TMP=C:\Users\aleen\AppData\Local\Temp
TEMP=C:\Users\aleen\AppData\Local\Temp




Periodic native trim disabled

---------------  S Y S T E M  ---------------

OS:
 Windows 11 , 64 bit Build 22621 (10.0.22621.5415)
OS uptime: 20 days 7:46 hours
Hyper-V role detected

CPU: total 8 (initial active 8) (4 cores per cpu, 2 threads per core) family 6 model 140 stepping 1 microcode 0xbe, cx8, cmov, fxsr, ht, mmx, 3dnowpref, sse, sse2, sse3, ssse3, sse4.1, sse4.2, popcnt, lzcnt, tsc, tscinvbit, avx, avx2, aes, erms, clmul, bmi1, bmi2, adx, avx512f, avx512dq, avx512cd, avx512bw, avx512vl, sha, fma, vzeroupper, avx512_vpopcntdq, avx512_vpclmulqdq, avx512_vaes, avx512_vnni, clflush, clflushopt, clwb, avx512_vbmi2, avx512_vbmi, hv, rdtscp, rdpid, fsrm, gfni, avx512_bitalg, f16c, cet_ibt, cet_ss, avx512_ifma
Processor Information for the first 8 processors :
  Max Mhz: 2419, Current Mhz: 2419, Mhz Limit: 2419

Memory: 4k page, system-wide physical 8017M (706M free)
TotalPageFile size 16597M (AvailPageFile size 116M)
current process WorkingSet (physical memory assigned to process): 208M, peak: 210M
current process commit charge ("private bytes"): 324M, peak: 326M

vm_info: OpenJDK 64-Bit Server VM (21.0.10+7-LTS) for windows-amd64 JRE (21.0.10+7-LTS), built on 2026-01-20T00:00:00Z by "admin" with MS VC++ 17.12 (VS2022)

END.
