#
# There is insufficient memory for the Java Runtime Environment to continue.
# Native memory allocation (malloc) failed to allocate 246336 bytes. Error detail: Chunk::new
# Possible reasons:
#   The system is out of physical RAM or swap space
#   This process is running with CompressedOops enabled, and the Java Heap may be blocking the growth of the native heap
# Possible solutions:
#   Reduce memory load on the system
#   Increase physical memory or swap space
#   Check if swap backing store is full
#   Decrease Java heap size (-Xmx/-Xms)
#   Decrease number of Java threads
#   Decrease Java thread stack sizes (-Xss)
#   Set larger code cache with -XX:ReservedCodeCacheSize=
#   JVM is running with Unscaled Compressed Oops mode in which the Java heap is
#     placed in the first 4GB address space. The Java Heap base address is the
#     maximum limit for the native heap growth. Please use -XX:HeapBaseMinAddress
#     to set the Java Heap base and to place the Java Heap above 4GB virtual address.
# This output file may be truncated or incomplete.
#
#  Out of Memory Error (arena.cpp:168), pid=20596, tid=4508
#
# JRE version: OpenJDK Runtime Environment Temurin-21.0.10+7 (21.0.10+7) (build 21.0.10+7-LTS)
# Java VM: OpenJDK 64-Bit Server VM Temurin-21.0.10+7 (21.0.10+7-LTS, mixed mode, sharing, tiered, compressed oops, compressed class ptrs, parallel gc, windows-amd64)
# No core dump will be written. Minidumps are not enabled by default on client versions of Windows
#

---------------  S U M M A R Y ------------

Command Line: --add-modules=ALL-SYSTEM --add-opens=java.base/java.util=ALL-UNNAMED --add-opens=java.base/java.lang=ALL-UNNAMED --add-opens=java.base/sun.nio.fs=ALL-UNNAMED -Declipse.application=org.eclipse.jdt.ls.core.id1 -Dosgi.bundles.defaultStartLevel=4 -Declipse.product=org.eclipse.jdt.ls.core.product -Djava.import.generatesMetadataFilesAtProjectRoot=false -DDetectVMInstallationsJob.disabled=true -Dfile.encoding=utf8 -XX:+UseParallelGC -XX:GCTimeRatio=4 -XX:AdaptiveSizePolicyWeight=90 -Dsun.zip.disableMemoryMapping=true -Xmx2G -Xms100m -Xlog:disable -javaagent:c:\Users\aleen\.vscode\extensions\redhat.java-1.54.0-win32-x64\lombok\lombok-1.18.39-4050.jar c:\Users\aleen\.vscode\extensions\redhat.java-1.54.0-win32-x64\server\plugins\org.eclipse.equinox.launcher_1.7.100.v20251111-0406.jar -configuration c:\Users\aleen\AppData\Roaming\Code\User\globalStorage\redhat.java\1.54.0\config_ss_win -data c:\Users\aleen\AppData\Roaming\Code\User\workspaceStorage\aa2489a4b8c7373c72f9293381b8a14c\redhat.java\ss_ws --pipe=\\.\pipe\lsp-c256b71292c4483e84342e4eeddd0ec5-sock

Host: 11th Gen Intel(R) Core(TM) i5-1135G7 @ 2.40GHz, 8 cores, 7G,  Windows 11 , 64 bit Build 22621 (10.0.22621.5415)
Time: Fri Jun  5 21:59:07 2026 Pacific Daylight Time elapsed time: 0.820719 seconds (0d 0h 0m 0s)

---------------  T H R E A D  ---------------

Current thread (0x000002207b266a40):  JavaThread "C2 CompilerThread1" daemon [_thread_in_native, id=4508, stack(0x000000b4be900000,0x000000b4bea00000) (1024K)]


Current CompileTask:
C2:820  645       4       lombok.patcher.scripts.MethodLevelPatchScript::patch (21 bytes)

Stack: [0x000000b4be900000,0x000000b4bea00000]
Native frames: (J=compiled Java code, j=interpreted, Vv=VM code, C=native code)
V  [jvm.dll+0x6d7a39]
V  [jvm.dll+0x8b4b26]
V  [jvm.dll+0x8b70de]
V  [jvm.dll+0x8b77c3]
V  [jvm.dll+0x284346]
V  [jvm.dll+0xc66ed]
V  [jvm.dll+0xc6c31]
V  [jvm.dll+0x2fb29e]
V  [jvm.dll+0x5fe884]
V  [jvm.dll+0x255b17]
V  [jvm.dll+0x255edd]
V  [jvm.dll+0x24e500]
V  [jvm.dll+0x24ba42]
V  [jvm.dll+0x1cb34e]
V  [jvm.dll+0x25b85d]
V  [jvm.dll+0x259dea]
V  [jvm.dll+0x3f857e]
V  [jvm.dll+0x85f59d]
V  [jvm.dll+0x6d626d]
C  [ucrtbase.dll+0x29333]
C  [KERNEL32.DLL+0x1259d]
C  [ntdll.dll+0x5af78]


---------------  P R O C E S S  ---------------

Threads class SMR info:
_java_thread_list=0x000002207b257800, length=12, elements={
0x000002205eb138a0, 0x000002207557d180, 0x000002207557faa0, 0x0000022075581870,
0x0000022075582790, 0x00000220755837e0, 0x0000022075587710, 0x000002207558b940,
0x000002207b030200, 0x000002207b1b2df0, 0x000002207b266a40, 0x000002207b1bcf20
}

Java Threads: ( => current thread )
  0x000002205eb138a0 JavaThread "main"                              [_thread_blocked, id=25052, stack(0x000000b4bdc00000,0x000000b4bdd00000) (1024K)]
  0x000002207557d180 JavaThread "Reference Handler"          daemon [_thread_blocked, id=23060, stack(0x000000b4be000000,0x000000b4be100000) (1024K)]
  0x000002207557faa0 JavaThread "Finalizer"                  daemon [_thread_blocked, id=25808, stack(0x000000b4be100000,0x000000b4be200000) (1024K)]
  0x0000022075581870 JavaThread "Signal Dispatcher"          daemon [_thread_blocked, id=24456, stack(0x000000b4be200000,0x000000b4be300000) (1024K)]
  0x0000022075582790 JavaThread "Attach Listener"            daemon [_thread_blocked, id=15572, stack(0x000000b4be300000,0x000000b4be400000) (1024K)]
  0x00000220755837e0 JavaThread "Service Thread"             daemon [_thread_blocked, id=8408, stack(0x000000b4be400000,0x000000b4be500000) (1024K)]
  0x0000022075587710 JavaThread "Monitor Deflation Thread"   daemon [_thread_blocked, id=22280, stack(0x000000b4be500000,0x000000b4be600000) (1024K)]
  0x000002207558b940 JavaThread "C2 CompilerThread0"         daemon [_thread_in_native, id=23680, stack(0x000000b4be600000,0x000000b4be700000) (1024K)]
  0x000002207b030200 JavaThread "C1 CompilerThread0"         daemon [_thread_blocked, id=21624, stack(0x000000b4be700000,0x000000b4be800000) (1024K)]
  0x000002207b1b2df0 JavaThread "Common-Cleaner"             daemon [_thread_blocked, id=17308, stack(0x000000b4be800000,0x000000b4be900000) (1024K)]
=>0x000002207b266a40 JavaThread "C2 CompilerThread1"         daemon [_thread_in_native, id=4508, stack(0x000000b4be900000,0x000000b4bea00000) (1024K)]
  0x000002207b1bcf20 JavaThread "Notification Thread"        daemon [_thread_blocked, id=19164, stack(0x000000b4bea00000,0x000000b4beb00000) (1024K)]
Total: 12

Other Threads:
  0x000002205ebcec10 VMThread "VM Thread"                           [id=11132, stack(0x000000b4bdf00000,0x000000b4be000000) (1024K)]
  0x000002205eb7e230 WatcherThread "VM Periodic Task Thread"        [id=24016, stack(0x000000b4bde00000,0x000000b4bdf00000) (1024K)]
  0x000002205eb31cc0 WorkerThread "GC Thread#0"                     [id=8060, stack(0x000000b4bdd00000,0x000000b4bde00000) (1024K)]
Total: 3

Threads with active compile tasks:
C2 CompilerThread0  844  666       4       lombok.patcher.PatchScript::classMatches (41 bytes)
C2 CompilerThread1  844  645       4       lombok.patcher.scripts.MethodLevelPatchScript::patch (21 bytes)
Total: 2

VM state: not at safepoint (normal execution)

VM Mutex/Monitor currently owned by a thread:  ([mutex/lock_event])
[0x00007ffcf18ee460] CodeCache_lock - owner thread: 0x0000000000000000

Heap address: 0x0000000080000000, size: 2048 MB, Compressed Oops mode: 32-bit

CDS archive(s) mapped at: [0x0000022000000000-0x0000022000ba0000-0x0000022000ba0000), size 12189696, SharedBaseAddress: 0x0000022000000000, ArchiveRelocationMode: 1.
Compressed class space mapped at: 0x0000022001000000-0x0000022041000000, reserved size: 1073741824
Narrow klass base: 0x0000022000000000, Narrow klass shift: 0, Narrow klass range: 0x100000000

GC Precious Log:
 CardTable entry size: 512
 CPUs: 8 total, 8 available
 Memory: 8017M
 Large Page Support: Disabled
 NUMA Support: Disabled
 Compressed Oops: Enabled (32-bit)
 Alignments: Space 512K, Generation 512K, Heap 2M
 Heap Min Capacity: 100M
 Heap Initial Capacity: 100M
 Heap Max Capacity: 2G
 Pre-touch: Disabled
 Parallel Workers: 8

Heap:
 PSYoungGen      total 29696K, used 13862K [0x00000000d5580000, 0x00000000d7680000, 0x0000000100000000)
  eden space 25600K, 54% used [0x00000000d5580000,0x00000000d6309bf0,0x00000000d6e80000)
  from space 4096K, 0% used [0x00000000d7280000,0x00000000d7280000,0x00000000d7680000)
  to   space 4096K, 0% used [0x00000000d6e80000,0x00000000d6e80000,0x00000000d7280000)
 ParOldGen       total 68608K, used 0K [0x0000000080000000, 0x0000000084300000, 0x00000000d5580000)
  object space 68608K, 0% used [0x0000000080000000,0x0000000080000000,0x0000000084300000)
 Metaspace       used 2613K, committed 2816K, reserved 1114112K
  class space    used 270K, committed 384K, reserved 1048576K

Card table byte_map: [0x000002205e4d0000,0x000002205e8e0000] _byte_map_base: 0x000002205e0d0000

Marking Bits: (ParMarkBitMap*) 0x00007ffcf18f3450
 Begin Bits: [0x0000022070fc0000, 0x0000022072fc0000)
 End Bits:   [0x0000022072fc0000, 0x0000022074fc0000)

Polling page: 0x000002205cb90000

Metaspace:

Usage:
  Non-class:      2.29 MB used.
      Class:    271.85 KB used.
       Both:      2.55 MB used.

Virtual space:
  Non-class space:       64.00 MB reserved,       2.38 MB (  4%) committed,  1 nodes.
      Class space:        1.00 GB reserved,     384.00 KB ( <1%) committed,  1 nodes.
             Both:        1.06 GB reserved,       2.75 MB ( <1%) committed. 

Chunk freelists:
   Non-Class:  11.65 MB
       Class:  15.67 MB
        Both:  27.32 MB

MaxMetaspaceSize: unlimited
CompressedClassSpaceSize: 1.00 GB
Initial GC threshold: 21.00 MB
Current GC threshold: 21.00 MB
CDS: on
 - commit_granule_bytes: 65536.
 - commit_granule_words: 8192.
 - virtual_space_node_default_size: 8388608.
 - enlarge_chunks_in_place: 1.
 - use_allocation_guard: 0.


Internal statistics:

num_allocs_failed_limit: 0.
num_arena_births: 80.
num_arena_deaths: 0.
num_vsnodes_births: 2.
num_vsnodes_deaths: 0.
num_space_committed: 44.
num_space_uncommitted: 0.
num_chunks_returned_to_freelist: 0.
num_chunks_taken_from_freelist: 102.
num_chunk_merges: 0.
num_chunk_splits: 72.
num_chunks_enlarged: 46.
num_inconsistent_stats: 0.

CodeHeap 'non-profiled nmethods': size=120000Kb used=246Kb max_used=246Kb free=119753Kb
 bounds [0x00000220697e0000, 0x0000022069a50000, 0x0000022070d10000]
CodeHeap 'profiled nmethods': size=120000Kb used=1003Kb max_used=1003Kb free=118996Kb
 bounds [0x0000022061d10000, 0x0000022061f80000, 0x0000022069240000]
CodeHeap 'non-nmethods': size=5760Kb used=1194Kb max_used=1199Kb free=4566Kb
 bounds [0x0000022069240000, 0x00000220694b0000, 0x00000220697e0000]
CodeCache: size=245760Kb, used=2443Kb, max_used=2448Kb, free=243315Kb
 total_blobs=1115, nmethods=676, adapters=346, full_count=0
Compilation: enabled, stopped_count=0, restarted_count=0

Compilation events (20 events):
Event: 0.786 Thread 0x000002207b266a40  649       4       java.lang.CharacterDataLatin1::digit (32 bytes)
Event: 0.787 Thread 0x000002207b030200 nmethod 664 0x0000022061e06090 code [0x0000022061e062a0, 0x0000022061e067b8]
Event: 0.787 Thread 0x000002207b266a40 nmethod 649 0x000002206981c110 code [0x000002206981c2a0, 0x000002206981c3c0]
Event: 0.787 Thread 0x000002207b266a40  653       4       java.lang.Character::digit (6 bytes)
Event: 0.789 Thread 0x000002207b266a40 nmethod 653 0x000002206981c510 code [0x000002206981c6a0, 0x000002206981c7c8]
Event: 0.789 Thread 0x000002207b266a40  645       4       lombok.patcher.scripts.MethodLevelPatchScript::patch (21 bytes)
Event: 0.790 Thread 0x000002207558b940 nmethod 657 0x000002206981c910 code [0x000002206981caa0, 0x000002206981cd80]
Event: 0.794 Thread 0x000002207b030200  665       3       sun.security.util.DerInputStream::available (10 bytes)
Event: 0.794 Thread 0x000002207558b940  666       4       lombok.patcher.PatchScript::classMatches (41 bytes)
Event: 0.794 Thread 0x000002207b030200 nmethod 665 0x0000022061e06a10 code [0x0000022061e06ba0, 0x0000022061e06cb0]
Event: 0.803 Thread 0x000002207b030200  667       3       java.util.jar.Manifest$FastInputStream::readLine (296 bytes)
Event: 0.804 Thread 0x000002207b030200 nmethod 667 0x0000022061e06d10 code [0x0000022061e06f40, 0x0000022061e077a8]
Event: 0.804 Thread 0x000002207b030200  669       3       java.io.ByteArrayOutputStream::ensureCapacity (32 bytes)
Event: 0.805 Thread 0x000002207b030200 nmethod 669 0x0000022061e07b10 code [0x0000022061e07ce0, 0x0000022061e08038]
Event: 0.806 Thread 0x000002207b030200  670       3       java.lang.String::contains (19 bytes)
Event: 0.806 Thread 0x000002207b030200 nmethod 670 0x0000022061e08190 code [0x0000022061e08360, 0x0000022061e085d0]
Event: 0.808 Thread 0x000002207b030200  671       3       java.util.Objects::checkFromIndexSize (8 bytes)
Event: 0.808 Thread 0x000002207b030200 nmethod 671 0x0000022061e08690 code [0x0000022061e08840, 0x0000022061e08a48]
Event: 0.808 Thread 0x000002207b030200  672  s    3       java.io.ByteArrayOutputStream::write (32 bytes)
Event: 0.809 Thread 0x000002207b030200 nmethod 672 0x0000022061e08b90 code [0x0000022061e08d40, 0x0000022061e08f90]

GC Heap History (0 events):
No events

Dll operation events (8 events):
Event: 0.016 Loaded shared library c:\Users\aleen\.vscode\extensions\redhat.java-1.54.0-win32-x64\jre\21.0.10-win32-x86_64\bin\java.dll
Event: 0.135 Loaded shared library c:\Users\aleen\.vscode\extensions\redhat.java-1.54.0-win32-x64\jre\21.0.10-win32-x86_64\bin\zip.dll
Event: 0.163 Loaded shared library C:\Users\aleen\.vscode\extensions\redhat.java-1.54.0-win32-x64\jre\21.0.10-win32-x86_64\bin\instrument.dll
Event: 0.170 Loaded shared library C:\Users\aleen\.vscode\extensions\redhat.java-1.54.0-win32-x64\jre\21.0.10-win32-x86_64\bin\net.dll
Event: 0.172 Loaded shared library C:\Users\aleen\.vscode\extensions\redhat.java-1.54.0-win32-x64\jre\21.0.10-win32-x86_64\bin\nio.dll
Event: 0.178 Loaded shared library C:\Users\aleen\.vscode\extensions\redhat.java-1.54.0-win32-x64\jre\21.0.10-win32-x86_64\bin\zip.dll
Event: 0.215 Loaded shared library C:\Users\aleen\.vscode\extensions\redhat.java-1.54.0-win32-x64\jre\21.0.10-win32-x86_64\bin\jimage.dll
Event: 0.348 Loaded shared library c:\Users\aleen\.vscode\extensions\redhat.java-1.54.0-win32-x64\jre\21.0.10-win32-x86_64\bin\verify.dll

Deoptimization events (20 events):
Event: 0.614 Thread 0x000002205eb138a0 DEOPT PACKING pc=0x0000022061d55918 sp=0x000000b4bdcfac40
Event: 0.614 Thread 0x000002205eb138a0 DEOPT UNPACKING pc=0x00000220692978e2 sp=0x000000b4bdcfa100 mode 0
Event: 0.616 Thread 0x000002205eb138a0 DEOPT PACKING pc=0x0000022061d55918 sp=0x000000b4bdcfabd0
Event: 0.616 Thread 0x000002205eb138a0 DEOPT UNPACKING pc=0x00000220692978e2 sp=0x000000b4bdcfa090 mode 0
Event: 0.617 Thread 0x000002205eb138a0 DEOPT PACKING pc=0x0000022061d55918 sp=0x000000b4bdcfa8a0
Event: 0.617 Thread 0x000002205eb138a0 DEOPT UNPACKING pc=0x00000220692978e2 sp=0x000000b4bdcf9d60 mode 0
Event: 0.619 Thread 0x000002205eb138a0 DEOPT PACKING pc=0x0000022061d55918 sp=0x000000b4bdcfb1c0
Event: 0.619 Thread 0x000002205eb138a0 DEOPT UNPACKING pc=0x00000220692978e2 sp=0x000000b4bdcfa680 mode 0
Event: 0.625 Thread 0x000002205eb138a0 DEOPT PACKING pc=0x0000022061d55918 sp=0x000000b4bdcfb1c0
Event: 0.625 Thread 0x000002205eb138a0 DEOPT UNPACKING pc=0x00000220692978e2 sp=0x000000b4bdcfa680 mode 0
Event: 0.627 Thread 0x000002205eb138a0 DEOPT PACKING pc=0x0000022061d55918 sp=0x000000b4bdcfc7e0
Event: 0.627 Thread 0x000002205eb138a0 DEOPT UNPACKING pc=0x00000220692978e2 sp=0x000000b4bdcfbca0 mode 0
Event: 0.737 Thread 0x000002205eb138a0 Uncommon trap: trap_request=0xffffff45 fr.pc=0x000002206980f6ec relative=0x000000000000014c
Event: 0.737 Thread 0x000002205eb138a0 Uncommon trap: reason=unstable_if action=reinterpret pc=0x000002206980f6ec method=jdk.internal.util.ArraysSupport.vectorizedHashCode(Ljava/lang/Object;IIII)I @ 2 c2
Event: 0.737 Thread 0x000002205eb138a0 DEOPT PACKING pc=0x000002206980f6ec sp=0x000000b4bdcfcf40
Event: 0.737 Thread 0x000002205eb138a0 DEOPT UNPACKING pc=0x0000022069296da2 sp=0x000000b4bdcfcef0 mode 2
Event: 0.751 Thread 0x000002205eb138a0 Uncommon trap: trap_request=0xffffff45 fr.pc=0x0000022069802af4 relative=0x00000000000000d4
Event: 0.751 Thread 0x000002205eb138a0 Uncommon trap: reason=unstable_if action=reinterpret pc=0x0000022069802af4 method=java.net.URI.match(CJJ)Z @ 45 c2
Event: 0.752 Thread 0x000002205eb138a0 DEOPT PACKING pc=0x0000022069802af4 sp=0x000000b4bdcfd0c0
Event: 0.752 Thread 0x000002205eb138a0 DEOPT UNPACKING pc=0x0000022069296da2 sp=0x000000b4bdcfd028 mode 2

Classes loaded (20 events):
Event: 0.793 Loading class java/time/zone/ZoneOffsetTransition done
Event: 0.793 Loading class java/util/Collections$SingletonList
Event: 0.793 Loading class java/util/Collections$SingletonList done
Event: 0.794 Loading class sun/security/pkcs/PKCS9Attributes
Event: 0.794 Loading class sun/security/pkcs/PKCS9Attributes done
Event: 0.795 Loading class sun/security/pkcs/PKCS9Attribute
Event: 0.795 Loading class sun/security/pkcs/PKCS9Attribute done
Event: 0.814 Loading class sun/security/pkcs/SigningCertificateInfo
Event: 0.815 Loading class sun/security/pkcs/SigningCertificateInfo done
Event: 0.815 Loading class sun/security/pkcs/SigningCertificateInfo$ESSCertId
Event: 0.816 Loading class sun/security/pkcs/SigningCertificateInfo$ESSCertId done
Event: 0.816 Loading class sun/security/pkcs/SignerInfo$AlgorithmInfo
Event: 0.817 Loading class sun/security/pkcs/SignerInfo$AlgorithmInfo done
Event: 0.817 Loading class java/security/MessageDigest
Event: 0.817 Loading class java/security/MessageDigestSpi
Event: 0.817 Loading class java/security/MessageDigestSpi done
Event: 0.817 Loading class java/security/MessageDigest done
Event: 0.817 Loading class sun/security/provider/SHA2$SHA256
Event: 0.817 Loading class sun/security/provider/SHA2
Event: 0.818 Loading class sun/security/provider/DigestBase

Classes unloaded (0 events):
No events

Classes redefined (0 events):
No events

Internal exceptions (12 events):
Event: 0.129 Thread 0x000002205eb138a0 Exception <a 'java/lang/NoSuchMethodError'{0x00000000d57a8fe8}: 'void java.lang.invoke.DirectMethodHandle$Holder.invokeStatic(java.lang.Object, java.lang.Object, java.lang.Object)'> (0x00000000d57a8fe8) 
thrown [s\src\hotspot\share\interpreter\linkResolver.cpp, line 773]
Event: 0.205 Thread 0x000002205eb138a0 Exception <a 'java/lang/NoSuchMethodError'{0x00000000d5911620}: 'java.lang.Object java.lang.invoke.Invokers$Holder.invokeExact_MT(java.lang.Object, java.lang.Object, java.lang.Object, java.lang.Object, java.lang.Object)'> (0x00000000d5911620) 
thrown [s\src\hotspot\share\interpreter\linkResolver.cpp, line 773]
Event: 0.273 Thread 0x000002205eb138a0 Exception <a 'java/lang/NoSuchMethodError'{0x00000000d59ca260}: 'int java.lang.invoke.DirectMethodHandle$Holder.invokeSpecial(java.lang.Object, java.lang.Object, java.lang.Object, int)'> (0x00000000d59ca260) 
thrown [s\src\hotspot\share\interpreter\linkResolver.cpp, line 773]
Event: 0.277 Thread 0x000002205eb138a0 Exception <a 'java/lang/NoSuchMethodError'{0x00000000d59dcc48}: 'java.lang.Object java.lang.invoke.DirectMethodHandle$Holder.invokeStatic(java.lang.Object, java.lang.Object, java.lang.Object, java.lang.Object, int)'> (0x00000000d59dcc48) 
thrown [s\src\hotspot\share\interpreter\linkResolver.cpp, line 773]
Event: 0.281 Thread 0x000002205eb138a0 Exception <a 'java/lang/NoSuchMethodError'{0x00000000d59e80f0}: 'void java.lang.invoke.DelegatingMethodHandle$Holder.reinvoke_L(java.lang.Object, java.lang.Object, java.lang.Object, int, java.lang.Object)'> (0x00000000d59e80f0) 
thrown [s\src\hotspot\share\interpreter\linkResolver.cpp, line 773]
Event: 0.287 Thread 0x000002205eb138a0 Exception <a 'java/lang/NoSuchMethodError'{0x00000000d59f8a40}: 'int java.lang.invoke.DirectMethodHandle$Holder.invokeSpecial(java.lang.Object, java.lang.Object, java.lang.Object)'> (0x00000000d59f8a40) 
thrown [s\src\hotspot\share\interpreter\linkResolver.cpp, line 773]
Event: 0.291 Thread 0x000002205eb138a0 Exception <a 'java/lang/NoSuchMethodError'{0x00000000d5a04700}: 'java.lang.Object java.lang.invoke.DirectMethodHandle$Holder.invokeStatic(java.lang.Object, java.lang.Object, int)'> (0x00000000d5a04700) 
thrown [s\src\hotspot\share\interpreter\linkResolver.cpp, line 773]
Event: 0.293 Thread 0x000002205eb138a0 Exception <a 'java/lang/NoSuchMethodError'{0x00000000d5a09050}: 'void java.lang.invoke.DirectMethodHandle$Holder.invokeStatic(java.lang.Object, java.lang.Object, int, java.lang.Object)'> (0x00000000d5a09050) 
thrown [s\src\hotspot\share\interpreter\linkResolver.cpp, line 773]
Event: 0.293 Thread 0x000002205eb138a0 Exception <a 'java/lang/NoSuchMethodError'{0x00000000d5a0cbe0}: 'void java.lang.invoke.DirectMethodHandle$Holder.invokeSpecial(java.lang.Object, java.lang.Object, java.lang.Object, int, java.lang.Object)'> (0x00000000d5a0cbe0) 
thrown [s\src\hotspot\share\interpreter\linkResolver.cpp, line 773]
Event: 0.294 Thread 0x000002205eb138a0 Exception <a 'java/lang/NoSuchMethodError'{0x00000000d5a10050}: 'void java.lang.invoke.DelegatingMethodHandle$Holder.delegate(java.lang.Object, java.lang.Object, int, java.lang.Object)'> (0x00000000d5a10050) 
thrown [s\src\hotspot\share\interpreter\linkResolver.cpp, line 773]
Event: 0.394 Thread 0x000002205eb138a0 Exception <a 'java/lang/NoSuchMethodError'{0x00000000d5bcf250}: 'void java.lang.invoke.DelegatingMethodHandle$Holder.reinvoke_L(java.lang.Object, java.lang.Object, java.lang.Object, int)'> (0x00000000d5bcf250) 
thrown [s\src\hotspot\share\interpreter\linkResolver.cpp, line 773]
Event: 0.720 Thread 0x000002205eb138a0 Exception <a 'java/lang/NoSuchMethodError'{0x00000000d605ae60}: 'void java.lang.invoke.DirectMethodHandle$Holder.invokeVirtual(java.lang.Object, java.lang.Object)'> (0x00000000d605ae60) 
thrown [s\src\hotspot\share\interpreter\linkResolver.cpp, line 773]

ZGC Phase Switch (0 events):
No events

VM Operations (4 events):
Event: 0.133 Executing non-safepoint VM operation: HandshakeAllThreads (Deoptimize)
Event: 0.133 Executing non-safepoint VM operation: HandshakeAllThreads (Deoptimize) done
Event: 0.241 Executing non-safepoint VM operation: HandshakeAllThreads (Deoptimize)
Event: 0.241 Executing non-safepoint VM operation: HandshakeAllThreads (Deoptimize) done

Memory protections (0 events):
No events

Nmethod flushes (0 events):
No events

Events (12 events):
Event: 0.042 Thread 0x000002205eb138a0 Thread added: 0x000002205eb138a0
Event: 0.080 Thread 0x000002205eb138a0 Thread added: 0x000002207557d180
Event: 0.080 Thread 0x000002205eb138a0 Thread added: 0x000002207557faa0
Event: 0.081 Thread 0x000002205eb138a0 Thread added: 0x0000022075581870
Event: 0.081 Thread 0x000002205eb138a0 Thread added: 0x0000022075582790
Event: 0.081 Thread 0x000002205eb138a0 Thread added: 0x00000220755837e0
Event: 0.081 Thread 0x000002205eb138a0 Thread added: 0x0000022075587710
Event: 0.081 Thread 0x000002205eb138a0 Thread added: 0x000002207558b940
Event: 0.085 Thread 0x000002205eb138a0 Thread added: 0x000002207b030200
Event: 0.166 Thread 0x000002205eb138a0 Thread added: 0x000002207b1b2df0
Event: 0.346 Thread 0x000002207b030200 Thread added: 0x000002207b266a40
Event: 0.578 Thread 0x000002205eb138a0 Thread added: 0x000002207b1bcf20


Dynamic libraries:
0x00007ff6154a0000 - 0x00007ff6154ae000 	c:\Users\aleen\.vscode\extensions\redhat.java-1.54.0-win32-x64\jre\21.0.10-win32-x86_64\bin\java.exe
0x00007ffd5f590000 - 0x00007ffd5f7a8000 	C:\WINDOWS\SYSTEM32\ntdll.dll
0x00007ffd5d740000 - 0x00007ffd5d804000 	C:\WINDOWS\System32\KERNEL32.DLL
0x00007ffd5c960000 - 0x00007ffd5cd33000 	C:\WINDOWS\System32\KERNELBASE.dll
0x00007ffd5ce60000 - 0x00007ffd5cf71000 	C:\WINDOWS\System32\ucrtbase.dll
0x00007ffd477b0000 - 0x00007ffd477c8000 	c:\Users\aleen\.vscode\extensions\redhat.java-1.54.0-win32-x64\jre\21.0.10-win32-x86_64\bin\jli.dll
0x00007ffd5d8c0000 - 0x00007ffd5da72000 	C:\WINDOWS\System32\USER32.dll
0x00007ffd5c7f0000 - 0x00007ffd5c816000 	C:\WINDOWS\System32\win32u.dll
0x00007ffd5e480000 - 0x00007ffd5e4a9000 	C:\WINDOWS\System32\GDI32.dll
0x00007ffd5cd40000 - 0x00007ffd5ce5b000 	C:\WINDOWS\System32\gdi32full.dll
0x00007ffd5c750000 - 0x00007ffd5c7ea000 	C:\WINDOWS\System32\msvcp_win.dll
0x00007ffd47aa0000 - 0x00007ffd47abe000 	c:\Users\aleen\.vscode\extensions\redhat.java-1.54.0-win32-x64\jre\21.0.10-win32-x86_64\bin\VCRUNTIME140.dll
0x00007ffd48110000 - 0x00007ffd483ac000 	C:\WINDOWS\WinSxS\amd64_microsoft.windows.common-controls_6595b64144ccf1df_6.0.22621.6060_none_2712eda17382d24b\COMCTL32.dll
0x00007ffd5d810000 - 0x00007ffd5d8b7000 	C:\WINDOWS\System32\msvcrt.dll
0x00007ffd5d700000 - 0x00007ffd5d731000 	C:\WINDOWS\System32\IMM32.DLL
0x00007ffd54660000 - 0x00007ffd5466c000 	c:\Users\aleen\.vscode\extensions\redhat.java-1.54.0-win32-x64\jre\21.0.10-win32-x86_64\bin\vcruntime140_1.dll
0x00007ffd459f0000 - 0x00007ffd45a7d000 	c:\Users\aleen\.vscode\extensions\redhat.java-1.54.0-win32-x64\jre\21.0.10-win32-x86_64\bin\msvcp140.dll
0x00007ffcf0c30000 - 0x00007ffcf19d1000 	c:\Users\aleen\.vscode\extensions\redhat.java-1.54.0-win32-x64\jre\21.0.10-win32-x86_64\bin\server\jvm.dll
0x00007ffd5df00000 - 0x00007ffd5dfb1000 	C:\WINDOWS\System32\ADVAPI32.dll
0x00007ffd5f4a0000 - 0x00007ffd5f548000 	C:\WINDOWS\System32\sechost.dll
0x00007ffd5c720000 - 0x00007ffd5c748000 	C:\WINDOWS\System32\bcrypt.dll
0x00007ffd5d230000 - 0x00007ffd5d348000 	C:\WINDOWS\System32\RPCRT4.dll
0x00007ffd5e4b0000 - 0x00007ffd5e521000 	C:\WINDOWS\System32\WS2_32.dll
0x00007ffd5b4b0000 - 0x00007ffd5b4fd000 	C:\WINDOWS\SYSTEM32\POWRPROF.dll
0x00007ffd569b0000 - 0x00007ffd569e4000 	C:\WINDOWS\SYSTEM32\WINMM.dll
0x00007ffd56650000 - 0x00007ffd5665a000 	C:\WINDOWS\SYSTEM32\VERSION.dll
0x00007ffd5b490000 - 0x00007ffd5b4a3000 	C:\WINDOWS\SYSTEM32\UMPDC.dll
0x00007ffd5b730000 - 0x00007ffd5b748000 	C:\WINDOWS\SYSTEM32\kernel.appcore.dll
0x00007ffd545f0000 - 0x00007ffd545fa000 	c:\Users\aleen\.vscode\extensions\redhat.java-1.54.0-win32-x64\jre\21.0.10-win32-x86_64\bin\jimage.dll
0x00007ffd5a0c0000 - 0x00007ffd5a2f3000 	C:\WINDOWS\SYSTEM32\DBGHELP.DLL
0x00007ffd5e530000 - 0x00007ffd5e8c1000 	C:\WINDOWS\System32\combase.dll
0x00007ffd5e8e0000 - 0x00007ffd5e9b8000 	C:\WINDOWS\System32\OLEAUT32.dll
0x00007ffd480d0000 - 0x00007ffd48102000 	C:\WINDOWS\SYSTEM32\dbgcore.DLL
0x00007ffd5c820000 - 0x00007ffd5c89b000 	C:\WINDOWS\System32\bcryptPrimitives.dll
0x00007ffd545a0000 - 0x00007ffd545af000 	c:\Users\aleen\.vscode\extensions\redhat.java-1.54.0-win32-x64\jre\21.0.10-win32-x86_64\bin\instrument.dll
0x00007ffd47730000 - 0x00007ffd47750000 	c:\Users\aleen\.vscode\extensions\redhat.java-1.54.0-win32-x64\jre\21.0.10-win32-x86_64\bin\java.dll
0x00007ffd5ec00000 - 0x00007ffd5f49c000 	C:\WINDOWS\System32\SHELL32.dll
0x00007ffd5d0f0000 - 0x00007ffd5d22f000 	C:\WINDOWS\System32\wintypes.dll
0x00007ffd5a560000 - 0x00007ffd5ae7a000 	C:\WINDOWS\SYSTEM32\windows.storage.dll
0x00007ffd5e250000 - 0x00007ffd5e354000 	C:\WINDOWS\System32\SHCORE.dll
0x00007ffd5e9c0000 - 0x00007ffd5ea29000 	C:\WINDOWS\System32\shlwapi.dll
0x00007ffd5c5d0000 - 0x00007ffd5c5f5000 	C:\WINDOWS\SYSTEM32\profapi.dll
0x00007ffd470e0000 - 0x00007ffd470f8000 	c:\Users\aleen\.vscode\extensions\redhat.java-1.54.0-win32-x64\jre\21.0.10-win32-x86_64\bin\zip.dll
0x00007ffd54140000 - 0x00007ffd54150000 	C:\Users\aleen\.vscode\extensions\redhat.java-1.54.0-win32-x64\jre\21.0.10-win32-x86_64\bin\net.dll
0x00007ffd574e0000 - 0x00007ffd5760c000 	C:\WINDOWS\SYSTEM32\WINHTTP.dll
0x00007ffd5bc00000 - 0x00007ffd5bc69000 	C:\WINDOWS\system32\mswsock.dll
0x00007ffd46d80000 - 0x00007ffd46d96000 	C:\Users\aleen\.vscode\extensions\redhat.java-1.54.0-win32-x64\jre\21.0.10-win32-x86_64\bin\nio.dll
0x00007ffd53e30000 - 0x00007ffd53e40000 	c:\Users\aleen\.vscode\extensions\redhat.java-1.54.0-win32-x64\jre\21.0.10-win32-x86_64\bin\verify.dll

JVMTI agents:
c:\Users\aleen\.vscode\extensions\redhat.java-1.54.0-win32-x64\lombok\lombok-1.18.39-4050.jar path:c:\Users\aleen\.vscode\extensions\redhat.java-1.54.0-win32-x64\jre\21.0.10-win32-x86_64\bin\instrument.dll, loaded, initialized, instrumentlib options:none

dbghelp: loaded successfully - version: 4.0.5 - missing functions: none
symbol engine: initialized successfully - sym options: 0x614 - pdb path: .;c:\Users\aleen\.vscode\extensions\redhat.java-1.54.0-win32-x64\jre\21.0.10-win32-x86_64\bin;C:\WINDOWS\SYSTEM32;C:\WINDOWS\WinSxS\amd64_microsoft.windows.common-controls_6595b64144ccf1df_6.0.22621.6060_none_2712eda17382d24b;c:\Users\aleen\.vscode\extensions\redhat.java-1.54.0-win32-x64\jre\21.0.10-win32-x86_64\bin\server

VM Arguments:
jvm_args: --add-modules=ALL-SYSTEM --add-opens=java.base/java.util=ALL-UNNAMED --add-opens=java.base/java.lang=ALL-UNNAMED --add-opens=java.base/sun.nio.fs=ALL-UNNAMED -Declipse.application=org.eclipse.jdt.ls.core.id1 -Dosgi.bundles.defaultStartLevel=4 -Declipse.product=org.eclipse.jdt.ls.core.product -Djava.import.generatesMetadataFilesAtProjectRoot=false -DDetectVMInstallationsJob.disabled=true -Dfile.encoding=utf8 -XX:+UseParallelGC -XX:GCTimeRatio=4 -XX:AdaptiveSizePolicyWeight=90 -Dsun.zip.disableMemoryMapping=true -Xmx2G -Xms100m -Xlog:disable -javaagent:c:\Users\aleen\.vscode\extensions\redhat.java-1.54.0-win32-x64\lombok\lombok-1.18.39-4050.jar 
java_command: c:\Users\aleen\.vscode\extensions\redhat.java-1.54.0-win32-x64\server\plugins\org.eclipse.equinox.launcher_1.7.100.v20251111-0406.jar -configuration c:\Users\aleen\AppData\Roaming\Code\User\globalStorage\redhat.java\1.54.0\config_ss_win -data c:\Users\aleen\AppData\Roaming\Code\User\workspaceStorage\aa2489a4b8c7373c72f9293381b8a14c\redhat.java\ss_ws --pipe=\\.\pipe\lsp-c256b71292c4483e84342e4eeddd0ec5-sock
java_class_path (initial): c:\Users\aleen\.vscode\extensions\redhat.java-1.54.0-win32-x64\server\plugins\org.eclipse.equinox.launcher_1.7.100.v20251111-0406.jar
Launcher Type: SUN_STANDARD

[Global flags]
    uintx AdaptiveSizePolicyWeight                 = 90                                        {product} {command line}
     intx CICompilerCount                          = 4                                         {product} {ergonomic}
    uintx GCTimeRatio                              = 4                                         {product} {command line}
   size_t InitialHeapSize                          = 104857600                                 {product} {command line}
   size_t MaxHeapSize                              = 2147483648                                {product} {command line}
   size_t MaxNewSize                               = 715653120                                 {product} {ergonomic}
   size_t MinHeapDeltaBytes                        = 524288                                    {product} {ergonomic}
   size_t MinHeapSize                              = 104857600                                 {product} {command line}
   size_t NewSize                                  = 34603008                                  {product} {ergonomic}
    uintx NonNMethodCodeHeapSize                   = 5839372                                {pd product} {ergonomic}
    uintx NonProfiledCodeHeapSize                  = 122909434                              {pd product} {ergonomic}
   size_t OldSize                                  = 70254592                                  {product} {ergonomic}
    uintx ProfiledCodeHeapSize                     = 122909434                              {pd product} {ergonomic}
    uintx ReservedCodeCacheSize                    = 251658240                              {pd product} {ergonomic}
     bool SegmentedCodeCache                       = true                                      {product} {ergonomic}
   size_t SoftMaxHeapSize                          = 2147483648                             {manageable} {ergonomic}
     bool UseCompressedOops                        = true                           {product lp64_product} {ergonomic}
     bool UseLargePagesIndividualAllocation        = false                                  {pd product} {ergonomic}
     bool UseParallelGC                            = true                                      {product} {command line}

Logging:
Log output configuration:
 #0: stdout all=off uptime,level,tags foldmultilines=false
 #1: stderr all=off uptime,level,tags foldmultilines=false

Release file:
JAVA_VERSION="21.0.10" 
MODULES="java.base java.compiler java.datatransfer java.xml java.prefs java.desktop java.instrument java.logging java.management java.security.sasl java.naming java.rmi java.management.rmi java.net.http java.scripting java.security.jgss java.transaction.xa java.sql java.sql.rowset java.xml.crypto java.se java.smartcardio jdk.accessibility jdk.internal.jvmstat jdk.attach jdk.charsets jdk.internal.opt jdk.zipfs jdk.compiler jdk.crypto.ec jdk.crypto.cryptoki jdk.crypto.mscapi jdk.dynalink jdk.internal.ed jdk.editpad jdk.hotspot.agent jdk.httpserver jdk.internal.le jdk.internal.vm.ci jdk.internal.vm.compiler jdk.internal.vm.compiler.management jdk.jartool jdk.javadoc jdk.jcmd jdk.management jdk.management.agent jdk.jconsole jdk.jdeps jdk.jdwp.agent jdk.jdi jdk.jfr jdk.jshell jdk.jsobject jdk.jstatd jdk.localedata jdk.management.jfr jdk.naming.dns jdk.naming.rmi jdk.net jdk.nio.mapmode jdk.random jdk.sctp jdk.security.auth jdk.security.jgss jdk.unsupported jdk.unsupported.desktop jdk.xml.dom" 

Environment Variables:
PATH=C:\Program Files\Microsoft\jdk-17.0.19.10-hotspot\bin;C:\Program Files\Common Files\Oracle\Java\javapath;C:\WINDOWS\system32;C:\WINDOWS;C:\WINDOWS\System32\Wbem;C:\WINDOWS\System32\WindowsPowerShell\v1.0\;C:\WINDOWS\System32\OpenSSH\;C:\Program Files\MATLAB\R2025a\bin;C:\Program Files\Git\cmd;C:\Users\aleen\AppData\Local\Programs\Python\Launcher\;C:\Users\aleen\AppData\Local\Microsoft\WindowsApps;C:\Users\aleen\AppData\Local\Programs\Microsoft VS Code\bin;C:\msys64\ucrt64\bin;C:\Users\aleen\AppData\Local\GitHubDesktop\bin
USERNAME=aleen
OS=Windows_NT
PROCESSOR_IDENTIFIER=Intel64 Family 6 Model 140 Stepping 1, GenuineIntel
TMP=C:\Users\aleen\AppData\Local\Temp
TEMP=C:\Users\aleen\AppData\Local\Temp




Periodic native trim disabled

---------------  S Y S T E M  ---------------

OS:
 Windows 11 , 64 bit Build 22621 (10.0.22621.5415)
OS uptime: 20 days 7:46 hours
Hyper-V role detected

CPU: total 8 (initial active 8) (4 cores per cpu, 2 threads per core) family 6 model 140 stepping 1 microcode 0xbe, cx8, cmov, fxsr, ht, mmx, 3dnowpref, sse, sse2, sse3, ssse3, sse4.1, sse4.2, popcnt, lzcnt, tsc, tscinvbit, avx, avx2, aes, erms, clmul, bmi1, bmi2, adx, avx512f, avx512dq, avx512cd, avx512bw, avx512vl, sha, fma, vzeroupper, avx512_vpopcntdq, avx512_vpclmulqdq, avx512_vaes, avx512_vnni, clflush, clflushopt, clwb, avx512_vbmi2, avx512_vbmi, hv, rdtscp, rdpid, fsrm, gfni, avx512_bitalg, f16c, cet_ibt, cet_ss, avx512_ifma
Processor Information for processor 0
  Max Mhz: 2419, Current Mhz: 2419, Mhz Limit: 2419
Processor Information for processor 1
  Max Mhz: 2419, Current Mhz: 2419, Mhz Limit: 2419
Processor Information for processor 2
  Max Mhz: 2419, Current Mhz: 2419, Mhz Limit: 2419
Processor Information for processor 3
  Max Mhz: 2419, Current Mhz: 2419, Mhz Limit: 2419
Processor Information for processor 4
  Max Mhz: 2419, Current Mhz: 2419, Mhz Limit: 2419
Processor Information for processor 5
  Max Mhz: 2419, Current Mhz: 2419, Mhz Limit: 2419
Processor Information for processor 6
  Max Mhz: 2419, Current Mhz: 2419, Mhz Limit: 2419
Processor Information for processor 7
  Max Mhz: 2419, Current Mhz: 1209, Mhz Limit: 2419

Memory: 4k page, system-wide physical 8017M (669M free)
TotalPageFile size 16597M (AvailPageFile size 9M)
current process WorkingSet (physical memory assigned to process): 57M, peak: 57M
current process commit charge ("private bytes"): 228M, peak: 228M

vm_info: OpenJDK 64-Bit Server VM (21.0.10+7-LTS) for windows-amd64 JRE (21.0.10+7-LTS), built on 2026-01-20T00:00:00Z by "admin" with MS VC++ 17.12 (VS2022)

END.
